{"meta": {"format": 3, "version": "7.13.5", "timestamp": "2026-08-27T20:48:00.718087", "branch_coverage": true, "show_contexts": false}, "files": {"app/__init__.py": {"executed_lines": [], "summary": {"covered_lines": 0, "num_statements": 0, "percent_covered": 100.0, "percent_covered_display": "100", "missing_lines": 0, "excluded_lines": 0, "percent_statements_covered": 100.0, "percent_statements_covered_display": "100", "num_branches": 0, "num_partial_branches": 0, "covered_branches": 0, "missing_branches": 0, "percent_branches_covered": 100.0, "percent_branches_covered_display": "100"}, "missing_lines": [], "excluded_lines": [], "executed_branches": [], "missing_branches": [], "functions": {"": {"executed_lines": [], "summary": {"covered_lines": 0, "num_statements": 0, "percent_covered": 100.0, "percent_covered_display": "100", "missing_lines": 0, "excluded_lines": 0, "percent_statements_covered": 100.0, "percent_statements_covered_display": "100", "num_branches": 0, "num_partial_branches": 0, "covered_branches": 0, "missing_branches": 0, "percent_branches_covered": 100.0, "percent_branches_covered_display": "100"}, "missing_lines": [], "excluded_lines": [], "start_line": 1, "executed_branches": [], "missing_branches": []}}, "classes": {"": {"executed_lines": [], "summary": {"covered_lines": 0, "num_statements": 0, "percent_covered": 100.0, "percent_covered_display": "100", "missing_lines": 0, "excluded_lines": 0, "percent_statements_covered": 100.0, "percent_statements_covered_display": "100", "num_branches": 0, "num_partial_branches": 0, "covered_branches": 0, "missing_branches": 0, "percent_branches_covered": 100.0, "percent_branches_covered_display": "100"}, "missing_lines": [], "excluded_lines": [], "start_line": 1, "executed_branches": [], "missing_branches": []}}}, "app/config.py": {"executed_lines": [3, 5, 6, 9, 16, 24, 29, 30, 33, 34, 43, 44, 45, 51, 54, 55, 58, 59, 61, 62, 63, 69, 72, 75, 76, 77, 80], "summary": {"covered_lines": 27, "num_statements": 29, "percent_covered": 90.3225806451613, "percent_covered_display": "90", "missing_lines": 2, "excluded_lines": 0, "percent_statements_covered": 93.10344827586206, "percent_statements_covered_display": "93", "num_branches": 2, "num_partial_branches": 1, "covered_branches": 1, "missing_branches": 1, "percent_branches_covered": 50.0, "percent_branches_covered_display": "50"}, "missing_lines": [70, 71], "excluded_lines": [], "executed_branches": [[69, 72]], "missing_branches": [[69, 70]], "functions": {"Settings._empty_str_to_none": {"executed_lines": [69, 72], "summary": {"covered_lines": 2, "num_statements": 4, "percent_covered": 50.0, "percent_covered_display": "50", "missing_lines": 2, "excluded_lines": 0, "percent_statements_covered": 50.0, "percent_statements_covered_display": "50", "num_branches": 2, "num_partial_branches": 1, "covered_branches": 1, "missing_branches": 1, "percent_branches_covered": 50.0, "percent_branches_covered_display": "50"}, "missing_lines": [70, 71], "excluded_lines": [], "start_line": 63, "executed_branches": [[69, 72]], "missing_branches": [[69, 70]]}, "get_settings": {"executed_lines": [77], "summary": {"covered_lines": 1, "num_statements": 1, "percent_covered": 100.0, "percent_covered_display": "100", "missing_lines": 0, "excluded_lines": 0, "percent_statements_covered": 100.0, "percent_statements_covered_display": "100", "num_branches": 0, "num_partial_branches": 0, "covered_branches": 0, "missing_branches": 0, "percent_branches_covered": 100.0, "percent_branches_covered_display": "100"}, "missing_lines": [], "excluded_lines": [], "start_line": 76, "executed_branches": [], "missing_branches": []}, "": {"executed_lines": [3, 5, 6, 9, 16, 24, 29, 30, 33, 34, 43, 44, 45, 51, 54, 55, 58, 59, 61, 62, 63, 75, 76, 80], "summary": {"covered_lines": 24, "num_statements": 24, "percent_covered": 100.0, "percent_covered_display": "100", "missing_lines": 0, "excluded_lines": 0, "percent_statements_covered": 100.0, "percent_statements_covered_display": "100", "num_branches": 0, "num_partial_branches": 0, "covered_branches": 0, "missing_branches": 0, "percent_branches_covered": 100.0, "percent_branches_covered_display": "100"}, "missing_lines": [], "excluded_lines": [], "start_line": 1, "executed_branches": [], "missing_branches": []}}, "classes": {"Settings": {"executed_lines": [69, 72], "summary": {"covered_lines": 2, "num_statements": 4, "percent_covered": 50.0, "percent_covered_display": "50", "missing_lines": 2, "excluded_lines": 0, "percent_statements_covered": 50.0, "percent_statements_covered_display": "50", "num_branches": 2, "num_partial_branches": 1, "covered_branches": 1, "missing_branches": 1, "percent_branches_covered": 50.0, "percent_branches_covered_display": "50"}, "missing_lines": [70, 71], "excluded_lines": [], "start_line": 9, "executed_branches": [[69, 72]], "missing_branches": [[69, 70]]}, "": {"executed_lines": [3, 5, 6, 9, 16, 24, 29, 30, 33, 34, 43, 44, 45, 51, 54, 55, 58, 59, 61, 62, 63, 75, 76, 77, 80], "summary": {"covered_lines": 25, "num_statements": 25, "percent_covered": 100.0, "percent_covered_display": "100", "missing_lines": 0, "excluded_lines": 0, "percent_statements_covered": 100.0, "percent_statements_covered_display": "100", "num_branches": 0, "num_partial_branches": 0, "covered_branches": 0, "missing_branches": 0, "percent_branches_covered": 100.0, "percent_branches_covered_display": "100"}, "missing_lines": [], "excluded_lines": [], "start_line": 1, "executed_branches": [], "missing_branches": []}}}, "app/db/__init__.py": {"executed_lines": [], "summary": {"covered_lines": 0, "num_statements": 0, "percent_covered": 100.0, "percent_covered_display": "100", "missing_lines": 0, "excluded_lines": 0, "percent_statements_covered": 100.0, "percent_statements_covered_display": "100", "num_branches": 0, "num_partial_branches": 0, "covered_branches": 0, "missing_branches": 0, "percent_branches_covered": 100.0, "percent_branches_covered_display": "100"}, "missing_lines": [], "excluded_lines": [], "executed_branches": [], "missing_branches": [], "functions": {"": {"executed_lines": [], "summary": {"covered_lines": 0, "num_statements": 0, "percent_covered": 100.0, "percent_covered_display": "100", "missing_lines": 0, "excluded_lines": 0, "percent_statements_covered": 100.0, "percent_statements_covered_display": "100", "num_branches": 0, "num_partial_branches": 0, "covered_branches": 0, "missing_branches": 0, "percent_branches_covered": 100.0, "percent_branches_covered_display": "100"}, "missing_lines": [], "excluded_lines": [], "start_line": 1, "executed_branches": [], "missing_branches": []}}, "classes": {"": {"executed_lines": [], "summary": {"covered_lines": 0, "num_statements": 0, "percent_covered": 100.0, "percent_covered_display": "100", "missing_lines": 0, "excluded_lines": 0, "percent_statements_covered": 100.0, "percent_statements_covered_display": "100", "num_branches": 0, "num_partial_branches": 0, "covered_branches": 0, "missing_branches": 0, "percent_branches_covered": 100.0, "percent_branches_covered_display": "100"}, "missing_lines": [], "excluded_lines": [], "start_line": 1, "executed_branches": [], "missing_branches": []}}}, "app/db/models.py": {"executed_lines": [12, 13, 14, 16, 29, 30, 33, 37, 56, 58, 67, 70, 71, 72, 73, 74, 75, 76, 77, 78, 79, 80, 81, 82, 83, 88, 96, 98, 113, 116, 117, 118, 119, 120, 125, 132, 134, 137, 140, 143, 144, 147, 154, 156, 159, 162, 165, 166, 167, 168, 171, 181, 183, 186, 189, 190, 191, 192, 193, 194, 195, 196, 201, 212, 214, 217, 220, 223, 224, 225, 226, 227, 232, 243, 245, 246, 249, 250, 253, 256, 262, 272, 274, 278, 279, 282, 283, 284, 287, 288, 291, 306, 308, 311, 315, 318, 319, 320, 322, 325, 326, 327, 329, 332, 337, 348, 350, 355, 358, 359, 360, 361, 364, 367, 368, 369, 374, 390, 392, 401, 404, 407, 408, 409, 410, 411], "summary": {"covered_lines": 126, "num_statements": 126, "percent_covered": 100.0, "percent_covered_display": "100", "missing_lines": 0, "excluded_lines": 0, "percent_statements_covered": 100.0, "percent_statements_covered_display": "100", "num_branches": 0, "num_partial_branches": 0, "covered_branches": 0, "missing_branches": 0, "percent_branches_covered": 100.0, "percent_branches_covered_display": "100"}, "missing_lines": [], "excluded_lines": [], "executed_branches": [], "missing_branches": [], "functions": {"": {"executed_lines": [12, 13, 14, 16, 29, 30, 33, 37, 56, 58, 67, 70, 71, 72, 73, 74, 75, 76, 77, 78, 79, 80, 81, 82, 83, 88, 96, 98, 113, 116, 117, 118, 119, 120, 125, 132, 134, 137, 140, 143, 144, 147, 154, 156, 159, 162, 165, 166, 167, 168, 171, 181, 183, 186, 189, 190, 191, 192, 193, 194, 195, 196, 201, 212, 214, 217, 220, 223, 224, 225, 226, 227, 232, 243, 245, 246, 249, 250, 253, 256, 262, 272, 274, 278, 279, 282, 283, 284, 287, 288, 291, 306, 308, 311, 315, 318, 319, 320, 322, 325, 326, 327, 329, 332, 337, 348, 350, 355, 358, 359, 360, 361, 364, 367, 368, 369, 374, 390, 392, 401, 404, 407, 408, 409, 410, 411], "summary": {"covered_lines": 126, "num_statements": 126, "percent_covered": 100.0, "percent_covered_display": "100", "missing_lines": 0, "excluded_lines": 0, "percent_statements_covered": 100.0, "percent_statements_covered_display": "100", "num_branches": 0, "num_partial_branches": 0, "covered_branches": 0, "missing_branches": 0, "percent_branches_covered": 100.0, "percent_branches_covered_display": "100"}, "missing_lines": [], "excluded_lines": [], "start_line": 1, "executed_branches": [], "missing_branches": []}}, "classes": {"Base": {"executed_lines": [], "summary": {"covered_lines": 0, "num_statements": 0, "percent_covered": 100.0, "percent_covered_display": "100", "missing_lines": 0, "excluded_lines": 0, "percent_statements_covered": 100.0, "percent_statements_covered_display": "100", "num_branches": 0, "num_partial_branches": 0, "covered_branches": 0, "missing_branches": 0, "percent_branches_covered": 100.0, "percent_branches_covered_display": "100"}, "missing_lines": [], "excluded_lines": [], "start_line": 33, "executed_branches": [], "missing_branches": []}, "Event": {"executed_lines": [], "summary": {"covered_lines": 0, "num_statements": 0, "percent_covered": 100.0, "percent_covered_display": "100", "missing_lines": 0, "excluded_lines": 0, "percent_statements_covered": 100.0, "percent_statements_covered_display": "100", "num_branches": 0, "num_partial_branches": 0, "covered_branches": 0, "missing_branches": 0, "percent_branches_covered": 100.0, "percent_branches_covered_display": "100"}, "missing_lines": [], "excluded_lines": [], "start_line": 37, "executed_branches": [], "missing_branches": []}, "Identity": {"executed_lines": [], "summary": {"covered_lines": 0, "num_statements": 0, "percent_covered": 100.0, "percent_covered_display": "100", "missing_lines": 0, "excluded_lines": 0, "percent_statements_covered": 100.0, "percent_statements_covered_display": "100", "num_branches": 0, "num_partial_branches": 0, "covered_branches": 0, "missing_branches": 0, "percent_branches_covered": 100.0, "percent_branches_covered_display": "100"}, "missing_lines": [], "excluded_lines": [], "start_line": 88, "executed_branches": [], "missing_branches": []}, "IdentityLink": {"executed_lines": [], "summary": {"covered_lines": 0, "num_statements": 0, "percent_covered": 100.0, "percent_covered_display": "100", "missing_lines": 0, "excluded_lines": 0, "percent_statements_covered": 100.0, "percent_statements_covered_display": "100", "num_branches": 0, "num_partial_branches": 0, "covered_branches": 0, "missing_branches": 0, "percent_branches_covered": 100.0, "percent_branches_covered_display": "100"}, "missing_lines": [], "excluded_lines": [], "start_line": 125, "executed_branches": [], "missing_branches": []}, "ManualReviewQueue": {"executed_lines": [], "summary": {"covered_lines": 0, "num_statements": 0, "percent_covered": 100.0, "percent_covered_display": "100", "missing_lines": 0, "excluded_lines": 0, "percent_statements_covered": 100.0, "percent_statements_covered_display": "100", "num_branches": 0, "num_partial_branches": 0, "covered_branches": 0, "missing_branches": 0, "percent_branches_covered": 100.0, "percent_branches_covered_display": "100"}, "missing_lines": [], "excluded_lines": [], "start_line": 147, "executed_branches": [], "missing_branches": []}, "Interpretation": {"executed_lines": [], "summary": {"covered_lines": 0, "num_statements": 0, "percent_covered": 100.0, "percent_covered_display": "100", "missing_lines": 0, "excluded_lines": 0, "percent_statements_covered": 100.0, "percent_statements_covered_display": "100", "num_branches": 0, "num_partial_branches": 0, "covered_branches": 0, "missing_branches": 0, "percent_branches_covered": 100.0, "percent_branches_covered_display": "100"}, "missing_lines": [], "excluded_lines": [], "start_line": 171, "executed_branches": [], "missing_branches": []}, "Score": {"executed_lines": [], "summary": {"covered_lines": 0, "num_statements": 0, "percent_covered": 100.0, "percent_covered_display": "100", "missing_lines": 0, "excluded_lines": 0, "percent_statements_covered": 100.0, "percent_statements_covered_display": "100", "num_branches": 0, "num_partial_branches": 0, "covered_branches": 0, "missing_branches": 0, "percent_branches_covered": 100.0, "percent_branches_covered_display": "100"}, "missing_lines": [], "excluded_lines": [], "start_line": 201, "executed_branches": [], "missing_branches": []}, "Lead": {"executed_lines": [], "summary": {"covered_lines": 0, "num_statements": 0, "percent_covered": 100.0, "percent_covered_display": "100", "missing_lines": 0, "excluded_lines": 0, "percent_statements_covered": 100.0, "percent_statements_covered_display": "100", "num_branches": 0, "num_partial_branches": 0, "covered_branches": 0, "missing_branches": 0, "percent_branches_covered": 100.0, "percent_branches_covered_display": "100"}, "missing_lines": [], "excluded_lines": [], "start_line": 232, "executed_branches": [], "missing_branches": []}, "Route": {"executed_lines": [], "summary": {"covered_lines": 0, "num_statements": 0, "percent_covered": 100.0, "percent_covered_display": "100", "missing_lines": 0, "excluded_lines": 0, "percent_statements_covered": 100.0, "percent_statements_covered_display": "100", "num_branches": 0, "num_partial_branches": 0, "covered_branches": 0, "missing_branches": 0, "percent_branches_covered": 100.0, "percent_branches_covered_display": "100"}, "missing_lines": [], "excluded_lines": [], "start_line": 262, "executed_branches": [], "missing_branches": []}, "AttributionTouch": {"executed_lines": [], "summary": {"covered_lines": 0, "num_statements": 0, "percent_covered": 100.0, "percent_covered_display": "100", "missing_lines": 0, "excluded_lines": 0, "percent_statements_covered": 100.0, "percent_statements_covered_display": "100", "num_branches": 0, "num_partial_branches": 0, "covered_branches": 0, "missing_branches": 0, "percent_branches_covered": 100.0, "percent_branches_covered_display": "100"}, "missing_lines": [], "excluded_lines": [], "start_line": 291, "executed_branches": [], "missing_branches": []}, "Receipt": {"executed_lines": [], "summary": {"covered_lines": 0, "num_statements": 0, "percent_covered": 100.0, "percent_covered_display": "100", "missing_lines": 0, "excluded_lines": 0, "percent_statements_covered": 100.0, "percent_statements_covered_display": "100", "num_branches": 0, "num_partial_branches": 0, "covered_branches": 0, "missing_branches": 0, "percent_branches_covered": 100.0, "percent_branches_covered_display": "100"}, "missing_lines": [], "excluded_lines": [], "start_line": 337, "executed_branches": [], "missing_branches": []}, "DeadLetterQueue": {"executed_lines": [], "summary": {"covered_lines": 0, "num_statements": 0, "percent_covered": 100.0, "percent_covered_display": "100", "missing_lines": 0, "excluded_lines": 0, "percent_statements_covered": 100.0, "percent_statements_covered_display": "100", "num_branches": 0, "num_partial_branches": 0, "covered_branches": 0, "missing_branches": 0, "percent_branches_covered": 100.0, "percent_branches_covered_display": "100"}, "missing_lines": [], "excluded_lines": [], "start_line": 374, "executed_branches": [], "missing_branches": []}, "": {"executed_lines": [12, 13, 14, 16, 29, 30, 33, 37, 56, 58, 67, 70, 71, 72, 73, 74, 75, 76, 77, 78, 79, 80, 81, 82, 83, 88, 96, 98, 113, 116, 117, 118, 119, 120, 125, 132, 134, 137, 140, 143, 144, 147, 154, 156, 159, 162, 165, 166, 167, 168, 171, 181, 183, 186, 189, 190, 191, 192, 193, 194, 195, 196, 201, 212, 214, 217, 220, 223, 224, 225, 226, 227, 232, 243, 245, 246, 249, 250, 253, 256, 262, 272, 274, 278, 279, 282, 283, 284, 287, 288, 291, 306, 308, 311, 315, 318, 319, 320, 322, 325, 326, 327, 329, 332, 337, 348, 350, 355, 358, 359, 360, 361, 364, 367, 368, 369, 374, 390, 392, 401, 404, 407, 408, 409, 410, 411], "summary": {"covered_lines": 126, "num_statements": 126, "percent_covered": 100.0, "percent_covered_display": "100", "missing_lines": 0, "excluded_lines": 0, "percent_statements_covered": 100.0, "percent_statements_covered_display": "100", "num_branches": 0, "num_partial_branches": 0, "covered_branches": 0, "missing_branches": 0, "percent_branches_covered": 100.0, "percent_branches_covered_display": "100"}, "missing_lines": [], "excluded_lines": [], "start_line": 1, "executed_branches": [], "missing_branches": []}}}, "app/db/session.py": {"executed_lines": [3, 5, 6, 13, 15, 16, 19, 22, 23, 29, 32, 34, 35, 38, 41, 43, 44, 45, 46, 51, 53, 54], "summary": {"covered_lines": 22, "num_statements": 24, "percent_covered": 92.85714285714286, "percent_covered_display": "93", "missing_lines": 2, "excluded_lines": 0, "percent_statements_covered": 91.66666666666667, "percent_statements_covered_display": "92", "num_branches": 4, "num_partial_branches": 0, "covered_branches": 4, "missing_branches": 0, "percent_branches_covered": 100.0, "percent_branches_covered_display": "100"}, "missing_lines": [47, 48], "excluded_lines": [], "executed_branches": [[22, 23], [22, 29], [34, 35], [34, 38]], "missing_branches": [], "functions": {"get_engine": {"executed_lines": [22, 23, 29], "summary": {"covered_lines": 3, "num_statements": 3, "percent_covered": 100.0, "percent_covered_display": "100", "missing_lines": 0, "excluded_lines": 0, "percent_statements_covered": 100.0, "percent_statements_covered_display": "100", "num_branches": 2, "num_partial_branches": 0, "covered_branches": 2, "missing_branches": 0, "percent_branches_covered": 100.0, "percent_branches_covered_display": "100"}, "missing_lines": [], "excluded_lines": [], "start_line": 19, "executed_branches": [[22, 23], [22, 29]], "missing_branches": []}, "get_session_factory": {"executed_lines": [34, 35, 38], "summary": {"covered_lines": 3, "num_statements": 3, "percent_covered": 100.0, "percent_covered_display": "100", "missing_lines": 0, "excluded_lines": 0, "percent_statements_covered": 100.0, "percent_statements_covered_display": "100", "num_branches": 2, "num_partial_branches": 0, "covered_branches": 2, "missing_branches": 0, "percent_branches_covered": 100.0, "percent_branches_covered_display": "100"}, "missing_lines": [], "excluded_lines": [], "start_line": 32, "executed_branches": [[34, 35], [34, 38]], "missing_branches": []}, "check_db": {"executed_lines": [43, 44, 45, 46], "summary": {"covered_lines": 4, "num_statements": 6, "percent_covered": 66.66666666666667, "percent_covered_display": "67", "missing_lines": 2, "excluded_lines": 0, "percent_statements_covered": 66.66666666666667, "percent_statements_covered_display": "67", "num_branches": 0, "num_partial_branches": 0, "covered_branches": 0, "missing_branches": 0, "percent_branches_covered": 100.0, "percent_branches_covered_display": "100"}, "missing_lines": [47, 48], "excluded_lines": [], "start_line": 41, "executed_branches": [], "missing_branches": []}, "get_db_session": {"executed_lines": [53, 54], "summary": {"covered_lines": 2, "num_statements": 2, "percent_covered": 100.0, "percent_covered_display": "100", "missing_lines": 0, "excluded_lines": 0, "percent_statements_covered": 100.0, "percent_statements_covered_display": "100", "num_branches": 0, "num_partial_branches": 0, "covered_branches": 0, "missing_branches": 0, "percent_branches_covered": 100.0, "percent_branches_covered_display": "100"}, "missing_lines": [], "excluded_lines": [], "start_line": 51, "executed_branches": [], "missing_branches": []}, "": {"executed_lines": [3, 5, 6, 13, 15, 16, 19, 32, 41, 51], "summary": {"covered_lines": 10, "num_statements": 10, "percent_covered": 100.0, "percent_covered_display": "100", "missing_lines": 0, "excluded_lines": 0, "percent_statements_covered": 100.0, "percent_statements_covered_display": "100", "num_branches": 0, "num_partial_branches": 0, "covered_branches": 0, "missing_branches": 0, "percent_branches_covered": 100.0, "percent_branches_covered_display": "100"}, "missing_lines": [], "excluded_lines": [], "start_line": 1, "executed_branches": [], "missing_branches": []}}, "classes": {"": {"executed_lines": [3, 5, 6, 13, 15, 16, 19, 22, 23, 29, 32, 34, 35, 38, 41, 43, 44, 45, 46, 51, 53, 54], "summary": {"covered_lines": 22, "num_statements": 24, "percent_covered": 92.85714285714286, "percent_covered_display": "93", "missing_lines": 2, "excluded_lines": 0, "percent_statements_covered": 91.66666666666667, "percent_statements_covered_display": "92", "num_branches": 4, "num_partial_branches": 0, "covered_branches": 4, "missing_branches": 0, "percent_branches_covered": 100.0, "percent_branches_covered_display": "100"}, "missing_lines": [47, 48], "excluded_lines": [], "start_line": 1, "executed_branches": [[22, 23], [22, 29], [34, 35], [34, 38]], "missing_branches": []}}}, "app/errors.py": {"executed_lines": [10], "summary": {"covered_lines": 1, "num_statements": 1, "percent_covered": 100.0, "percent_covered_display": "100", "missing_lines": 0, "excluded_lines": 0, "percent_statements_covered": 100.0, "percent_statements_covered_display": "100", "num_branches": 0, "num_partial_branches": 0, "covered_branches": 0, "missing_branches": 0, "percent_branches_covered": 100.0, "percent_branches_covered_display": "100"}, "missing_lines": [], "excluded_lines": [], "executed_branches": [], "missing_branches": [], "functions": {"": {"executed_lines": [10], "summary": {"covered_lines": 1, "num_statements": 1, "percent_covered": 100.0, "percent_covered_display": "100", "missing_lines": 0, "excluded_lines": 0, "percent_statements_covered": 100.0, "percent_statements_covered_display": "100", "num_branches": 0, "num_partial_branches": 0, "covered_branches": 0, "missing_branches": 0, "percent_branches_covered": 100.0, "percent_branches_covered_display": "100"}, "missing_lines": [], "excluded_lines": [], "start_line": 1, "executed_branches": [], "missing_branches": []}}, "classes": {"MalformedJSONError": {"executed_lines": [], "summary": {"covered_lines": 0, "num_statements": 0, "percent_covered": 100.0, "percent_covered_display": "100", "missing_lines": 0, "excluded_lines": 0, "percent_statements_covered": 100.0, "percent_statements_covered_display": "100", "num_branches": 0, "num_partial_branches": 0, "covered_branches": 0, "missing_branches": 0, "percent_branches_covered": 100.0, "percent_branches_covered_display": "100"}, "missing_lines": [], "excluded_lines": [], "start_line": 10, "executed_branches": [], "missing_branches": []}, "": {"executed_lines": [10], "summary": {"covered_lines": 1, "num_statements": 1, "percent_covered": 100.0, "percent_covered_display": "100", "missing_lines": 0, "excluded_lines": 0, "percent_statements_covered": 100.0, "percent_statements_covered_display": "100", "num_branches": 0, "num_partial_branches": 0, "covered_branches": 0, "missing_branches": 0, "percent_branches_covered": 100.0, "percent_branches_covered_display": "100"}, "missing_lines": [], "excluded_lines": [], "start_line": 1, "executed_branches": [], "missing_branches": []}}}, "app/logging.py": {"executed_lines": [11, 12, 13, 14, 16, 18, 24, 33, 34, 35, 36, 37, 38, 41, 44, 45, 47, 66, 68], "summary": {"covered_lines": 19, "num_statements": 19, "percent_covered": 100.0, "percent_covered_display": "100", "missing_lines": 0, "excluded_lines": 0, "percent_statements_covered": 100.0, "percent_statements_covered_display": "100", "num_branches": 4, "num_partial_branches": 0, "covered_branches": 4, "missing_branches": 0, "percent_branches_covered": 100.0, "percent_branches_covered_display": "100"}, "missing_lines": [], "excluded_lines": [], "executed_branches": [[33, 34], [33, 38], [35, 33], [35, 36]], "missing_branches": [], "functions": {"_pii_redactor": {"executed_lines": [33, 34, 35, 36, 37, 38], "summary": {"covered_lines": 6, "num_statements": 6, "percent_covered": 100.0, "percent_covered_display": "100", "missing_lines": 0, "excluded_lines": 0, "percent_statements_covered": 100.0, "percent_statements_covered_display": "100", "num_branches": 4, "num_partial_branches": 0, "covered_branches": 4, "missing_branches": 0, "percent_branches_covered": 100.0, "percent_branches_covered_display": "100"}, "missing_lines": [], "excluded_lines": [], "start_line": 24, "executed_branches": [[33, 34], [33, 38], [35, 33], [35, 36]], "missing_branches": []}, "configure_logging": {"executed_lines": [44, 45, 47], "summary": {"covered_lines": 3, "num_statements": 3, "percent_covered": 100.0, "percent_covered_display": "100", "missing_lines": 0, "excluded_lines": 0, "percent_statements_covered": 100.0, "percent_statements_covered_display": "100", "num_branches": 0, "num_partial_branches": 0, "covered_branches": 0, "missing_branches": 0, "percent_branches_covered": 100.0, "percent_branches_covered_display": "100"}, "missing_lines": [], "excluded_lines": [], "start_line": 41, "executed_branches": [], "missing_branches": []}, "get_logger": {"executed_lines": [68], "summary": {"covered_lines": 1, "num_statements": 1, "percent_covered": 100.0, "percent_covered_display": "100", "missing_lines": 0, "excluded_lines": 0, "percent_statements_covered": 100.0, "percent_statements_covered_display": "100", "num_branches": 0, "num_partial_branches": 0, "covered_branches": 0, "missing_branches": 0, "percent_branches_covered": 100.0, "percent_branches_covered_display": "100"}, "missing_lines": [], "excluded_lines": [], "start_line": 66, "executed_branches": [], "missing_branches": []}, "": {"executed_lines": [11, 12, 13, 14, 16, 18, 24, 41, 66], "summary": {"covered_lines": 9, "num_statements": 9, "percent_covered": 100.0, "percent_covered_display": "100", "missing_lines": 0, "excluded_lines": 0, "percent_statements_covered": 100.0, "percent_statements_covered_display": "100", "num_branches": 0, "num_partial_branches": 0, "covered_branches": 0, "missing_branches": 0, "percent_branches_covered": 100.0, "percent_branches_covered_display": "100"}, "missing_lines": [], "excluded_lines": [], "start_line": 1, "executed_branches": [], "missing_branches": []}}, "classes": {"": {"executed_lines": [11, 12, 13, 14, 16, 18, 24, 33, 34, 35, 36, 37, 38, 41, 44, 45, 47, 66, 68], "summary": {"covered_lines": 19, "num_statements": 19, "percent_covered": 100.0, "percent_covered_display": "100", "missing_lines": 0, "excluded_lines": 0, "percent_statements_covered": 100.0, "percent_statements_covered_display": "100", "num_branches": 4, "num_partial_branches": 0, "covered_branches": 4, "missing_branches": 0, "percent_branches_covered": 100.0, "percent_branches_covered_display": "100"}, "missing_lines": [], "excluded_lines": [], "start_line": 1, "executed_branches": [[33, 34], [33, 38], [35, 33], [35, 36]], "missing_branches": []}}}, "app/main.py": {"executed_lines": [8, 10, 11, 12, 14, 15, 16, 17, 18, 19, 20, 21, 22, 23, 24, 26, 27, 29, 40, 41, 49, 55, 56, 57, 58, 59, 60, 61, 64, 65, 66, 69, 70, 72, 73, 74, 76], "summary": {"covered_lines": 37, "num_statements": 39, "percent_covered": 90.69767441860465, "percent_covered_display": "91", "missing_lines": 2, "excluded_lines": 0, "percent_statements_covered": 94.87179487179488, "percent_statements_covered_display": "95", "num_branches": 4, "num_partial_branches": 2, "covered_branches": 2, "missing_branches": 2, "percent_branches_covered": 50.0, "percent_branches_covered_display": "50"}, "missing_lines": [82, 84], "excluded_lines": [], "executed_branches": [[65, 66], [73, 74]], "missing_branches": [[65, 69], [73, 82]], "functions": {"_malformed_json_handler": {"executed_lines": [49], "summary": {"covered_lines": 1, "num_statements": 1, "percent_covered": 100.0, "percent_covered_display": "100", "missing_lines": 0, "excluded_lines": 0, "percent_statements_covered": 100.0, "percent_statements_covered_display": "100", "num_branches": 0, "num_partial_branches": 0, "covered_branches": 0, "missing_branches": 0, "percent_branches_covered": 100.0, "percent_branches_covered_display": "100"}, "missing_lines": [], "excluded_lines": [], "start_line": 41, "executed_branches": [], "missing_branches": []}, "health": {"executed_lines": [72, 73, 74, 76], "summary": {"covered_lines": 4, "num_statements": 6, "percent_covered": 62.5, "percent_covered_display": "62", "missing_lines": 2, "excluded_lines": 0, "percent_statements_covered": 66.66666666666667, "percent_statements_covered_display": "67", "num_branches": 2, "num_partial_branches": 1, "covered_branches": 1, "missing_branches": 1, "percent_branches_covered": 50.0, "percent_branches_covered_display": "50"}, "missing_lines": [82, 84], "excluded_lines": [], "start_line": 70, "executed_branches": [[73, 74]], "missing_branches": [[73, 82]]}, "": {"executed_lines": [8, 10, 11, 12, 14, 15, 16, 17, 18, 19, 20, 21, 22, 23, 24, 26, 27, 29, 40, 41, 55, 56, 57, 58, 59, 60, 61, 64, 65, 66, 69, 70], "summary": {"covered_lines": 32, "num_statements": 32, "percent_covered": 97.05882352941177, "percent_covered_display": "97", "missing_lines": 0, "excluded_lines": 0, "percent_statements_covered": 100.0, "percent_statements_covered_display": "100", "num_branches": 2, "num_partial_branches": 1, "covered_branches": 1, "missing_branches": 1, "percent_branches_covered": 50.0, "percent_branches_covered_display": "50"}, "missing_lines": [], "excluded_lines": [], "start_line": 1, "executed_branches": [[65, 66]], "missing_branches": [[65, 69]]}}, "classes": {"": {"executed_lines": [8, 10, 11, 12, 14, 15, 16, 17, 18, 19, 20, 21, 22, 23, 24, 26, 27, 29, 40, 41, 49, 55, 56, 57, 58, 59, 60, 61, 64, 65, 66, 69, 70, 72, 73, 74, 76], "summary": {"covered_lines": 37, "num_statements": 39, "percent_covered": 90.69767441860465, "percent_covered_display": "91", "missing_lines": 2, "excluded_lines": 0, "percent_statements_covered": 94.87179487179488, "percent_statements_covered_display": "95", "num_branches": 4, "num_partial_branches": 2, "covered_branches": 2, "missing_branches": 2, "percent_branches_covered": 50.0, "percent_branches_covered_display": "50"}, "missing_lines": [82, 84], "excluded_lines": [], "start_line": 1, "executed_branches": [[65, 66], [73, 74]], "missing_branches": [[65, 69], [73, 82]]}}}, "app/routers/__init__.py": {"executed_lines": [], "summary": {"covered_lines": 0, "num_statements": 0, "percent_covered": 100.0, "percent_covered_display": "100", "missing_lines": 0, "excluded_lines": 0, "percent_statements_covered": 100.0, "percent_statements_covered_display": "100", "num_branches": 0, "num_partial_branches": 0, "covered_branches": 0, "missing_branches": 0, "percent_branches_covered": 100.0, "percent_branches_covered_display": "100"}, "missing_lines": [], "excluded_lines": [], "executed_branches": [], "missing_branches": [], "functions": {"": {"executed_lines": [], "summary": {"covered_lines": 0, "num_statements": 0, "percent_covered": 100.0, "percent_covered_display": "100", "missing_lines": 0, "excluded_lines": 0, "percent_statements_covered": 100.0, "percent_statements_covered_display": "100", "num_branches": 0, "num_partial_branches": 0, "covered_branches": 0, "missing_branches": 0, "percent_branches_covered": 100.0, "percent_branches_covered_display": "100"}, "missing_lines": [], "excluded_lines": [], "start_line": 1, "executed_branches": [], "missing_branches": []}}, "classes": {"": {"executed_lines": [], "summary": {"covered_lines": 0, "num_statements": 0, "percent_covered": 100.0, "percent_covered_display": "100", "missing_lines": 0, "excluded_lines": 0, "percent_statements_covered": 100.0, "percent_statements_covered_display": "100", "num_branches": 0, "num_partial_branches": 0, "covered_branches": 0, "missing_branches": 0, "percent_branches_covered": 100.0, "percent_branches_covered_display": "100"}, "missing_lines": [], "excluded_lines": [], "start_line": 1, "executed_branches": [], "missing_branches": []}}}, "app/routers/admin.py": {"executed_lines": [15, 17, 18, 19, 20, 21, 22, 24, 25, 26, 27, 28, 29, 31, 33, 36, 40, 41, 47, 48, 49, 54, 55, 68, 69, 73, 89, 105, 136, 148, 149, 150, 153, 154, 166, 167, 171, 172, 180, 199, 210], "summary": {"covered_lines": 41, "num_statements": 69, "percent_covered": 54.21686746987952, "percent_covered_display": "54", "missing_lines": 28, "excluded_lines": 0, "percent_statements_covered": 59.42028985507246, "percent_statements_covered_display": "59", "num_branches": 14, "num_partial_branches": 0, "covered_branches": 4, "missing_branches": 10, "percent_branches_covered": 28.571428571428573, "percent_branches_covered_display": "29"}, "missing_lines": [50, 51, 70, 71, 81, 82, 92, 93, 96, 104, 106, 110, 121, 126, 127, 138, 173, 174, 188, 189, 191, 197, 198, 200, 211, 216, 217, 219], "excluded_lines": [], "executed_branches": [[40, -36], [40, 41], [166, 167], [166, 171]], "missing_branches": [[70, 71], [70, 73], [81, 82], [81, 89], [92, 93], [92, 96], [173, 174], [173, 180], [188, 189], [188, 191]], "functions": {"require_admin": {"executed_lines": [40, 41], "summary": {"covered_lines": 2, "num_statements": 2, "percent_covered": 100.0, "percent_covered_display": "100", "missing_lines": 0, "excluded_lines": 0, "percent_statements_covered": 100.0, "percent_statements_covered_display": "100", "num_branches": 2, "num_partial_branches": 0, "covered_branches": 2, "missing_branches": 0, "percent_branches_covered": 100.0, "percent_branches_covered_display": "100"}, "missing_lines": [], "excluded_lines": [], "start_line": 36, "executed_branches": [[40, -36], [40, 41]], "missing_branches": []}, "_parse_event_id": {"executed_lines": [48, 49], "summary": {"covered_lines": 2, "num_statements": 4, "percent_covered": 50.0, "percent_covered_display": "50", "missing_lines": 2, "excluded_lines": 0, "percent_statements_covered": 50.0, "percent_statements_covered_display": "50", "num_branches": 0, "num_partial_branches": 0, "covered_branches": 0, "missing_branches": 0, "percent_branches_covered": 100.0, "percent_branches_covered_display": "100"}, "missing_lines": [50, 51], "excluded_lines": [], "start_line": 47, "executed_branches": [], "missing_branches": []}, "replay_event": {"executed_lines": [68, 69, 73, 89, 105, 136], "summary": {"covered_lines": 6, "num_statements": 20, "percent_covered": 23.076923076923077, "percent_covered_display": "23", "missing_lines": 14, "excluded_lines": 0, "percent_statements_covered": 30.0, "percent_statements_covered_display": "30", "num_branches": 6, "num_partial_branches": 0, "covered_branches": 0, "missing_branches": 6, "percent_branches_covered": 0.0, "percent_branches_covered_display": "0"}, "missing_lines": [70, 71, 81, 82, 92, 93, 96, 104, 106, 110, 121, 126, 127, 138], "excluded_lines": [], "start_line": 55, "executed_branches": [], "missing_branches": [[70, 71], [70, 73], [81, 82], [81, 89], [92, 93], [92, 96]]}, "simulate_failure": {"executed_lines": [166, 167, 171, 172, 180, 199, 210], "summary": {"covered_lines": 7, "num_statements": 19, "percent_covered": 36.0, "percent_covered_display": "36", "missing_lines": 12, "excluded_lines": 0, "percent_statements_covered": 36.8421052631579, "percent_statements_covered_display": "37", "num_branches": 6, "num_partial_branches": 0, "covered_branches": 2, "missing_branches": 4, "percent_branches_covered": 33.333333333333336, "percent_branches_covered_display": "33"}, "missing_lines": [173, 174, 188, 189, 191, 197, 198, 200, 211, 216, 217, 219], "excluded_lines": [], "start_line": 154, "executed_branches": [[166, 167], [166, 171]], "missing_branches": [[173, 174], [173, 180], [188, 189], [188, 191]]}, "": {"executed_lines": [15, 17, 18, 19, 20, 21, 22, 24, 25, 26, 27, 28, 29, 31, 33, 36, 47, 54, 55, 148, 149, 150, 153, 154], "summary": {"covered_lines": 24, "num_statements": 24, "percent_covered": 100.0, "percent_covered_display": "100", "missing_lines": 0, "excluded_lines": 0, "percent_statements_covered": 100.0, "percent_statements_covered_display": "100", "num_branches": 0, "num_partial_branches": 0, "covered_branches": 0, "missing_branches": 0, "percent_branches_covered": 100.0, "percent_branches_covered_display": "100"}, "missing_lines": [], "excluded_lines": [], "start_line": 1, "executed_branches": [], "missing_branches": []}}, "classes": {"SimulateFailureRequest": {"executed_lines": [], "summary": {"covered_lines": 0, "num_statements": 0, "percent_covered": 100.0, "percent_covered_display": "100", "missing_lines": 0, "excluded_lines": 0, "percent_statements_covered": 100.0, "percent_statements_covered_display": "100", "num_branches": 0, "num_partial_branches": 0, "covered_branches": 0, "missing_branches": 0, "percent_branches_covered": 100.0, "percent_branches_covered_display": "100"}, "missing_lines": [], "excluded_lines": [], "start_line": 148, "executed_branches": [], "missing_branches": []}, "": {"executed_lines": [15, 17, 18, 19, 20, 21, 22, 24, 25, 26, 27, 28, 29, 31, 33, 36, 40, 41, 47, 48, 49, 54, 55, 68, 69, 73, 89, 105, 136, 148, 149, 150, 153, 154, 166, 167, 171, 172, 180, 199, 210], "summary": {"covered_lines": 41, "num_statements": 69, "percent_covered": 54.21686746987952, "percent_covered_display": "54", "missing_lines": 28, "excluded_lines": 0, "percent_statements_covered": 59.42028985507246, "percent_statements_covered_display": "59", "num_branches": 14, "num_partial_branches": 0, "covered_branches": 4, "missing_branches": 10, "percent_branches_covered": 28.571428571428573, "percent_branches_covered_display": "29"}, "missing_lines": [50, 51, 70, 71, 81, 82, 92, 93, 96, 104, 106, 110, 121, 126, 127, 138, 173, 174, 188, 189, 191, 197, 198, 200, 211, 216, 217, 219], "excluded_lines": [], "start_line": 1, "executed_branches": [[40, -36], [40, 41], [166, 167], [166, 171]], "missing_branches": [[70, 71], [70, 73], [81, 82], [81, 89], [92, 93], [92, 96], [173, 174], [173, 180], [188, 189], [188, 191]]}}}, "app/routers/dashboard.py": {"executed_lines": [15, 17, 18, 19, 21, 30, 31, 33, 52, 70, 72, 73, 74, 75, 76, 79, 80, 90, 93, 94, 113, 114, 116, 118, 119, 120, 121, 133], "summary": {"covered_lines": 28, "num_statements": 34, "percent_covered": 80.95238095238095, "percent_covered_display": "81", "missing_lines": 6, "excluded_lines": 0, "percent_statements_covered": 82.3529411764706, "percent_statements_covered_display": "82", "num_branches": 8, "num_partial_branches": 2, "covered_branches": 6, "missing_branches": 2, "percent_branches_covered": 75.0, "percent_branches_covered_display": "75"}, "missing_lines": [125, 129, 137, 138, 139, 147], "excluded_lines": [], "executed_branches": [[72, 73], [72, 74], [74, 75], [74, 76], [116, 118], [119, 120]], "missing_branches": [[116, 147], [119, 121]], "functions": {"_window": {"executed_lines": [72, 73, 74, 75, 76], "summary": {"covered_lines": 5, "num_statements": 5, "percent_covered": 100.0, "percent_covered_display": "100", "missing_lines": 0, "excluded_lines": 0, "percent_statements_covered": 100.0, "percent_statements_covered_display": "100", "num_branches": 4, "num_partial_branches": 0, "covered_branches": 4, "missing_branches": 0, "percent_branches_covered": 100.0, "percent_branches_covered_display": "100"}, "missing_lines": [], "excluded_lines": [], "start_line": 70, "executed_branches": [[72, 73], [72, 74], [74, 75], [74, 76]], "missing_branches": []}, "summary": {"executed_lines": [90], "summary": {"covered_lines": 1, "num_statements": 1, "percent_covered": 100.0, "percent_covered_display": "100", "missing_lines": 0, "excluded_lines": 0, "percent_statements_covered": 100.0, "percent_statements_covered_display": "100", "num_branches": 0, "num_partial_branches": 0, "covered_branches": 0, "missing_branches": 0, "percent_branches_covered": 100.0, "percent_branches_covered_display": "100"}, "missing_lines": [], "excluded_lines": [], "start_line": 80, "executed_branches": [], "missing_branches": []}, "reconciliation": {"executed_lines": [113, 114, 116, 118, 119, 120, 121, 133], "summary": {"covered_lines": 8, "num_statements": 14, "percent_covered": 55.55555555555556, "percent_covered_display": "56", "missing_lines": 6, "excluded_lines": 0, "percent_statements_covered": 57.142857142857146, "percent_statements_covered_display": "57", "num_branches": 4, "num_partial_branches": 2, "covered_branches": 2, "missing_branches": 2, "percent_branches_covered": 50.0, "percent_branches_covered_display": "50"}, "missing_lines": [125, 129, 137, 138, 139, 147], "excluded_lines": [], "start_line": 94, "executed_branches": [[116, 118], [119, 120]], "missing_branches": [[116, 147], [119, 121]]}, "": {"executed_lines": [15, 17, 18, 19, 21, 30, 31, 33, 52, 70, 79, 80, 93, 94], "summary": {"covered_lines": 14, "num_statements": 14, "percent_covered": 100.0, "percent_covered_display": "100", "missing_lines": 0, "excluded_lines": 0, "percent_statements_covered": 100.0, "percent_statements_covered_display": "100", "num_branches": 0, "num_partial_branches": 0, "covered_branches": 0, "missing_branches": 0, "percent_branches_covered": 100.0, "percent_branches_covered_display": "100"}, "missing_lines": [], "excluded_lines": [], "start_line": 1, "executed_branches": [], "missing_branches": []}}, "classes": {"": {"executed_lines": [15, 17, 18, 19, 21, 30, 31, 33, 52, 70, 72, 73, 74, 75, 76, 79, 80, 90, 93, 94, 113, 114, 116, 118, 119, 120, 121, 133], "summary": {"covered_lines": 28, "num_statements": 34, "percent_covered": 80.95238095238095, "percent_covered_display": "81", "missing_lines": 6, "excluded_lines": 0, "percent_statements_covered": 82.3529411764706, "percent_statements_covered_display": "82", "num_branches": 8, "num_partial_branches": 2, "covered_branches": 6, "missing_branches": 2, "percent_branches_covered": 75.0, "percent_branches_covered_display": "75"}, "missing_lines": [125, 129, 137, 138, 139, 147], "excluded_lines": [], "start_line": 1, "executed_branches": [[72, 73], [72, 74], [74, 75], [74, 76], [116, 118], [119, 120]], "missing_branches": [[116, 147], [119, 121]]}}}, "app/routers/dead_letter.py": {"executed_lines": [17, 18, 19, 21, 22, 24, 27, 28, 41, 46], "summary": {"covered_lines": 10, "num_statements": 11, "percent_covered": 90.9090909090909, "percent_covered_display": "91", "missing_lines": 1, "excluded_lines": 0, "percent_statements_covered": 90.9090909090909, "percent_statements_covered_display": "91", "num_branches": 0, "num_partial_branches": 0, "covered_branches": 0, "missing_branches": 0, "percent_branches_covered": 100.0, "percent_branches_covered_display": "100"}, "missing_lines": [47], "excluded_lines": [], "executed_branches": [], "missing_branches": [], "functions": {"list_dead_letter": {"executed_lines": [41, 46], "summary": {"covered_lines": 2, "num_statements": 3, "percent_covered": 66.66666666666667, "percent_covered_display": "67", "missing_lines": 1, "excluded_lines": 0, "percent_statements_covered": 66.66666666666667, "percent_statements_covered_display": "67", "num_branches": 0, "num_partial_branches": 0, "covered_branches": 0, "missing_branches": 0, "percent_branches_covered": 100.0, "percent_branches_covered_display": "100"}, "missing_lines": [47], "excluded_lines": [], "start_line": 28, "executed_branches": [], "missing_branches": []}, "": {"executed_lines": [17, 18, 19, 21, 22, 24, 27, 28], "summary": {"covered_lines": 8, "num_statements": 8, "percent_covered": 100.0, "percent_covered_display": "100", "missing_lines": 0, "excluded_lines": 0, "percent_statements_covered": 100.0, "percent_statements_covered_display": "100", "num_branches": 0, "num_partial_branches": 0, "covered_branches": 0, "missing_branches": 0, "percent_branches_covered": 100.0, "percent_branches_covered_display": "100"}, "missing_lines": [], "excluded_lines": [], "start_line": 1, "executed_branches": [], "missing_branches": []}}, "classes": {"": {"executed_lines": [17, 18, 19, 21, 22, 24, 27, 28, 41, 46], "summary": {"covered_lines": 10, "num_statements": 11, "percent_covered": 90.9090909090909, "percent_covered_display": "91", "missing_lines": 1, "excluded_lines": 0, "percent_statements_covered": 90.9090909090909, "percent_statements_covered_display": "91", "num_branches": 0, "num_partial_branches": 0, "covered_branches": 0, "missing_branches": 0, "percent_branches_covered": 100.0, "percent_branches_covered_display": "100"}, "missing_lines": [47], "excluded_lines": [], "start_line": 1, "executed_branches": [], "missing_branches": []}}}, "app/routers/events.py": {"executed_lines": [7, 9, 10, 11, 12, 14, 15, 16, 17, 18, 19, 20, 21, 22, 24, 27, 32, 47, 66, 72, 82, 83, 101, 102, 103, 104, 105, 107, 108, 117, 118, 119, 122, 123, 130, 138, 158, 172, 173, 178, 179, 184], "summary": {"covered_lines": 42, "num_statements": 59, "percent_covered": 65.21739130434783, "percent_covered_display": "65", "missing_lines": 17, "excluded_lines": 0, "percent_statements_covered": 71.1864406779661, "percent_statements_covered_display": "71", "num_branches": 10, "num_partial_branches": 1, "covered_branches": 3, "missing_branches": 7, "percent_branches_covered": 30.0, "percent_branches_covered_display": "30"}, "missing_lines": [33, 111, 124, 132, 133, 139, 140, 147, 156, 157, 159, 164, 165, 167, 180, 181, 192], "excluded_lines": [], "executed_branches": [[32, 47], [107, 108], [107, 117]], "missing_branches": [[32, 33], [132, 133], [132, 138], [139, 140], [139, 147], [180, 181], [180, 184]], "functions": {"_interpret_response": {"executed_lines": [32, 47], "summary": {"covered_lines": 2, "num_statements": 3, "percent_covered": 60.0, "percent_covered_display": "60", "missing_lines": 1, "excluded_lines": 0, "percent_statements_covered": 66.66666666666667, "percent_statements_covered_display": "67", "num_branches": 2, "num_partial_branches": 1, "covered_branches": 1, "missing_branches": 1, "percent_branches_covered": 50.0, "percent_branches_covered_display": "50"}, "missing_lines": [33], "excluded_lines": [], "start_line": 27, "executed_branches": [[32, 47]], "missing_branches": [[32, 33]]}, "_dead_letter_response": {"executed_lines": [72], "summary": {"covered_lines": 1, "num_statements": 1, "percent_covered": 100.0, "percent_covered_display": "100", "missing_lines": 0, "excluded_lines": 0, "percent_statements_covered": 100.0, "percent_statements_covered_display": "100", "num_branches": 0, "num_partial_branches": 0, "covered_branches": 0, "missing_branches": 0, "percent_branches_covered": 100.0, "percent_branches_covered_display": "100"}, "missing_lines": [], "excluded_lines": [], "start_line": 66, "executed_branches": [], "missing_branches": []}, "create_event": {"executed_lines": [101, 102, 103, 104, 105, 107, 108, 117, 118, 119, 122, 123, 130, 138, 158], "summary": {"covered_lines": 15, "num_statements": 28, "percent_covered": 50.0, "percent_covered_display": "50", "missing_lines": 13, "excluded_lines": 0, "percent_statements_covered": 53.57142857142857, "percent_statements_covered_display": "54", "num_branches": 6, "num_partial_branches": 0, "covered_branches": 2, "missing_branches": 4, "percent_branches_covered": 33.333333333333336, "percent_branches_covered_display": "33"}, "missing_lines": [111, 124, 132, 133, 139, 140, 147, 156, 157, 159, 164, 165, 167], "excluded_lines": [], "start_line": 83, "executed_branches": [[107, 108], [107, 117]], "missing_branches": [[132, 133], [132, 138], [139, 140], [139, 147]]}, "get_event": {"executed_lines": [178, 179, 184], "summary": {"covered_lines": 3, "num_statements": 6, "percent_covered": 37.5, "percent_covered_display": "38", "missing_lines": 3, "excluded_lines": 0, "percent_statements_covered": 50.0, "percent_statements_covered_display": "50", "num_branches": 2, "num_partial_branches": 0, "covered_branches": 0, "missing_branches": 2, "percent_branches_covered": 0.0, "percent_branches_covered_display": "0"}, "missing_lines": [180, 181, 192], "excluded_lines": [], "start_line": 173, "executed_branches": [], "missing_branches": [[180, 181], [180, 184]]}, "": {"executed_lines": [7, 9, 10, 11, 12, 14, 15, 16, 17, 18, 19, 20, 21, 22, 24, 27, 66, 82, 83, 172, 173], "summary": {"covered_lines": 21, "num_statements": 21, "percent_covered": 100.0, "percent_covered_display": "100", "missing_lines": 0, "excluded_lines": 0, "percent_statements_covered": 100.0, "percent_statements_covered_display": "100", "num_branches": 0, "num_partial_branches": 0, "covered_branches": 0, "missing_branches": 0, "percent_branches_covered": 100.0, "percent_branches_covered_display": "100"}, "missing_lines": [], "excluded_lines": [], "start_line": 1, "executed_branches": [], "missing_branches": []}}, "classes": {"": {"executed_lines": [7, 9, 10, 11, 12, 14, 15, 16, 17, 18, 19, 20, 21, 22, 24, 27, 32, 47, 66, 72, 82, 83, 101, 102, 103, 104, 105, 107, 108, 117, 118, 119, 122, 123, 130, 138, 158, 172, 173, 178, 179, 184], "summary": {"covered_lines": 42, "num_statements": 59, "percent_covered": 65.21739130434783, "percent_covered_display": "65", "missing_lines": 17, "excluded_lines": 0, "percent_statements_covered": 71.1864406779661, "percent_statements_covered_display": "71", "num_branches": 10, "num_partial_branches": 1, "covered_branches": 3, "missing_branches": 7, "percent_branches_covered": 30.0, "percent_branches_covered_display": "30"}, "missing_lines": [33, 111, 124, 132, 133, 139, 140, 147, 156, 157, 159, 164, 165, 167, 180, 181, 192], "excluded_lines": [], "start_line": 1, "executed_branches": [[32, 47], [107, 108], [107, 117]], "missing_branches": [[32, 33], [132, 133], [132, 138], [139, 140], [139, 147], [180, 181], [180, 184]]}}}, "app/routers/leads.py": {"executed_lines": [10, 12, 13, 14, 15, 17, 18, 19, 21, 24, 28, 38, 40, 50, 52, 68, 69, 83, 84, 86, 90, 91, 103, 107, 108, 113, 119, 120, 121, 127], "summary": {"covered_lines": 30, "num_statements": 47, "percent_covered": 50.81967213114754, "percent_covered_display": "51", "missing_lines": 17, "excluded_lines": 0, "percent_statements_covered": 63.829787234042556, "percent_statements_covered_display": "64", "num_branches": 14, "num_partial_branches": 1, "covered_branches": 1, "missing_branches": 13, "percent_branches_covered": 7.142857142857143, "percent_branches_covered_display": "7"}, "missing_lines": [85, 88, 89, 92, 93, 96, 97, 98, 99, 100, 101, 102, 104, 116, 117, 126, 129], "excluded_lines": [], "executed_branches": [[84, 86]], "missing_branches": [[84, 85], [89, 90], [89, 103], [92, 93], [92, 98], [96, 97], [96, 98], [98, 99], [98, 101], [99, 100], [99, 101], [116, 117], [116, 119]], "functions": {"_latest_route": {"executed_lines": [28], "summary": {"covered_lines": 1, "num_statements": 1, "percent_covered": 100.0, "percent_covered_display": "100", "missing_lines": 0, "excluded_lines": 0, "percent_statements_covered": 100.0, "percent_statements_covered_display": "100", "num_branches": 0, "num_partial_branches": 0, "covered_branches": 0, "missing_branches": 0, "percent_branches_covered": 100.0, "percent_branches_covered_display": "100"}, "missing_lines": [], "excluded_lines": [], "start_line": 24, "executed_branches": [], "missing_branches": []}, "_latest_score": {"executed_lines": [40], "summary": {"covered_lines": 1, "num_statements": 1, "percent_covered": 100.0, "percent_covered_display": "100", "missing_lines": 0, "excluded_lines": 0, "percent_statements_covered": 100.0, "percent_statements_covered_display": "100", "num_branches": 0, "num_partial_branches": 0, "covered_branches": 0, "missing_branches": 0, "percent_branches_covered": 100.0, "percent_branches_covered_display": "100"}, "missing_lines": [], "excluded_lines": [], "start_line": 38, "executed_branches": [], "missing_branches": []}, "_lead_dict": {"executed_lines": [52], "summary": {"covered_lines": 1, "num_statements": 1, "percent_covered": 100.0, "percent_covered_display": "100", "missing_lines": 0, "excluded_lines": 0, "percent_statements_covered": 100.0, "percent_statements_covered_display": "100", "num_branches": 0, "num_partial_branches": 0, "covered_branches": 0, "missing_branches": 0, "percent_branches_covered": 100.0, "percent_branches_covered_display": "100"}, "missing_lines": [], "excluded_lines": [], "start_line": 50, "executed_branches": [], "missing_branches": []}, "list_leads": {"executed_lines": [83, 84, 86, 90, 91, 103], "summary": {"covered_lines": 6, "num_statements": 19, "percent_covered": 22.580645161290324, "percent_covered_display": "23", "missing_lines": 13, "excluded_lines": 0, "percent_statements_covered": 31.57894736842105, "percent_statements_covered_display": "32", "num_branches": 12, "num_partial_branches": 1, "covered_branches": 1, "missing_branches": 11, "percent_branches_covered": 8.333333333333334, "percent_branches_covered_display": "8"}, "missing_lines": [85, 88, 89, 92, 93, 96, 97, 98, 99, 100, 101, 102, 104], "excluded_lines": [], "start_line": 69, "executed_branches": [[84, 86]], "missing_branches": [[84, 85], [89, 90], [89, 103], [92, 93], [92, 98], [96, 97], [96, 98], [98, 99], [98, 101], [99, 100], [99, 101]]}, "get_lead": {"executed_lines": [113, 119, 120, 121, 127], "summary": {"covered_lines": 5, "num_statements": 9, "percent_covered": 45.45454545454545, "percent_covered_display": "45", "missing_lines": 4, "excluded_lines": 0, "percent_statements_covered": 55.55555555555556, "percent_statements_covered_display": "56", "num_branches": 2, "num_partial_branches": 0, "covered_branches": 0, "missing_branches": 2, "percent_branches_covered": 0.0, "percent_branches_covered_display": "0"}, "missing_lines": [116, 117, 126, 129], "excluded_lines": [], "start_line": 108, "executed_branches": [], "missing_branches": [[116, 117], [116, 119]]}, "": {"executed_lines": [10, 12, 13, 14, 15, 17, 18, 19, 21, 24, 38, 50, 68, 69, 107, 108], "summary": {"covered_lines": 16, "num_statements": 16, "percent_covered": 100.0, "percent_covered_display": "100", "missing_lines": 0, "excluded_lines": 0, "percent_statements_covered": 100.0, "percent_statements_covered_display": "100", "num_branches": 0, "num_partial_branches": 0, "covered_branches": 0, "missing_branches": 0, "percent_branches_covered": 100.0, "percent_branches_covered_display": "100"}, "missing_lines": [], "excluded_lines": [], "start_line": 1, "executed_branches": [], "missing_branches": []}}, "classes": {"": {"executed_lines": [10, 12, 13, 14, 15, 17, 18, 19, 21, 24, 28, 38, 40, 50, 52, 68, 69, 83, 84, 86, 90, 91, 103, 107, 108, 113, 119, 120, 121, 127], "summary": {"covered_lines": 30, "num_statements": 47, "percent_covered": 50.81967213114754, "percent_covered_display": "51", "missing_lines": 17, "excluded_lines": 0, "percent_statements_covered": 63.829787234042556, "percent_statements_covered_display": "64", "num_branches": 14, "num_partial_branches": 1, "covered_branches": 1, "missing_branches": 13, "percent_branches_covered": 7.142857142857143, "percent_branches_covered_display": "7"}, "missing_lines": [85, 88, 89, 92, 93, 96, 97, 98, 99, 100, 101, 102, 104, 116, 117, 126, 129], "excluded_lines": [], "start_line": 1, "executed_branches": [[84, 86]], "missing_branches": [[84, 85], [89, 90], [89, 103], [92, 93], [92, 98], [96, 97], [96, 98], [98, 99], [98, 101], [99, 100], [99, 101], [116, 117], [116, 119]]}}}, "app/routers/manual_review.py": {"executed_lines": [9, 11, 12, 13, 14, 15, 17, 18, 19, 20, 21, 22, 28, 29, 32, 33, 34, 37, 38, 46, 61, 62, 83, 84, 93, 121, 130], "summary": {"covered_lines": 27, "num_statements": 50, "percent_covered": 48.214285714285715, "percent_covered_display": "48", "missing_lines": 23, "excluded_lines": 0, "percent_statements_covered": 54.0, "percent_statements_covered_display": "54", "num_branches": 6, "num_partial_branches": 0, "covered_branches": 0, "missing_branches": 6, "percent_branches_covered": 0.0, "percent_branches_covered_display": "0"}, "missing_lines": [47, 87, 88, 89, 90, 92, 94, 95, 96, 97, 98, 99, 101, 114, 124, 127, 129, 131, 132, 137, 138, 139, 140], "excluded_lines": [], "executed_branches": [], "missing_branches": [[87, 88], [87, 89], [89, 90], [89, 92], [124, 127], [124, 129]], "functions": {"list_manual_review": {"executed_lines": [46], "summary": {"covered_lines": 1, "num_statements": 2, "percent_covered": 50.0, "percent_covered_display": "50", "missing_lines": 1, "excluded_lines": 0, "percent_statements_covered": 50.0, "percent_statements_covered_display": "50", "num_branches": 0, "num_partial_branches": 0, "covered_branches": 0, "missing_branches": 0, "percent_branches_covered": 100.0, "percent_branches_covered_display": "100"}, "missing_lines": [47], "excluded_lines": [], "start_line": 38, "executed_branches": [], "missing_branches": []}, "resolve_manual_review": {"executed_lines": [83, 84, 93, 121, 130], "summary": {"covered_lines": 5, "num_statements": 27, "percent_covered": 15.151515151515152, "percent_covered_display": "15", "missing_lines": 22, "excluded_lines": 0, "percent_statements_covered": 18.51851851851852, "percent_statements_covered_display": "19", "num_branches": 6, "num_partial_branches": 0, "covered_branches": 0, "missing_branches": 6, "percent_branches_covered": 0.0, "percent_branches_covered_display": "0"}, "missing_lines": [87, 88, 89, 90, 92, 94, 95, 96, 97, 98, 99, 101, 114, 124, 127, 129, 131, 132, 137, 138, 139, 140], "excluded_lines": [], "start_line": 62, "executed_branches": [], "missing_branches": [[87, 88], [87, 89], [89, 90], [89, 92], [124, 127], [124, 129]]}, "": {"executed_lines": [9, 11, 12, 13, 14, 15, 17, 18, 19, 20, 21, 22, 28, 29, 32, 33, 34, 37, 38, 61, 62], "summary": {"covered_lines": 21, "num_statements": 21, "percent_covered": 100.0, "percent_covered_display": "100", "missing_lines": 0, "excluded_lines": 0, "percent_statements_covered": 100.0, "percent_statements_covered_display": "100", "num_branches": 0, "num_partial_branches": 0, "covered_branches": 0, "missing_branches": 0, "percent_branches_covered": 100.0, "percent_branches_covered_display": "100"}, "missing_lines": [], "excluded_lines": [], "start_line": 1, "executed_branches": [], "missing_branches": []}}, "classes": {"ReviewResolveRequest": {"executed_lines": [], "summary": {"covered_lines": 0, "num_statements": 0, "percent_covered": 100.0, "percent_covered_display": "100", "missing_lines": 0, "excluded_lines": 0, "percent_statements_covered": 100.0, "percent_statements_covered_display": "100", "num_branches": 0, "num_partial_branches": 0, "covered_branches": 0, "missing_branches": 0, "percent_branches_covered": 100.0, "percent_branches_covered_display": "100"}, "missing_lines": [], "excluded_lines": [], "start_line": 32, "executed_branches": [], "missing_branches": []}, "": {"executed_lines": [9, 11, 12, 13, 14, 15, 17, 18, 19, 20, 21, 22, 28, 29, 32, 33, 34, 37, 38, 46, 61, 62, 83, 84, 93, 121, 130], "summary": {"covered_lines": 27, "num_statements": 50, "percent_covered": 48.214285714285715, "percent_covered_display": "48", "missing_lines": 23, "excluded_lines": 0, "percent_statements_covered": 54.0, "percent_statements_covered_display": "54", "num_branches": 6, "num_partial_branches": 0, "covered_branches": 0, "missing_branches": 6, "percent_branches_covered": 0.0, "percent_branches_covered_display": "0"}, "missing_lines": [47, 87, 88, 89, 90, 92, 94, 95, 96, 97, 98, 99, 101, 114, 124, 127, 129, 131, 132, 137, 138, 139, 140], "excluded_lines": [], "start_line": 1, "executed_branches": [], "missing_branches": [[87, 88], [87, 89], [89, 90], [89, 92], [124, 127], [124, 129]]}}}, "app/routers/pages.py": {"executed_lines": [10, 12, 13, 14, 15, 16, 18, 20, 21, 22, 23, 24, 26, 27, 29, 32, 33, 34, 37, 38, 39, 41, 45, 46, 54, 55, 56, 57, 61, 64, 86, 90, 91, 92, 95, 98, 101, 104, 106, 142, 143, 144, 146, 147, 150, 165, 166, 173, 174, 175, 176, 177, 180, 185, 194, 197, 206, 207, 212, 213, 218], "summary": {"covered_lines": 61, "num_statements": 101, "percent_covered": 52.06611570247934, "percent_covered_display": "52", "missing_lines": 40, "excluded_lines": 0, "percent_statements_covered": 60.396039603960396, "percent_statements_covered_display": "60", "num_branches": 20, "num_partial_branches": 0, "covered_branches": 2, "missing_branches": 18, "percent_branches_covered": 10.0, "percent_branches_covered_display": "10"}, "missing_lines": [42, 59, 60, 67, 68, 69, 70, 71, 72, 73, 74, 75, 87, 93, 94, 105, 108, 129, 130, 131, 139, 148, 151, 162, 181, 182, 184, 186, 187, 188, 189, 190, 191, 195, 196, 198, 200, 203, 219, 232], "excluded_lines": [], "executed_branches": [[55, 56], [55, 57]], "missing_branches": [[60, 61], [60, 86], [67, 68], [67, 71], [69, 70], [69, 71], [71, 72], [71, 74], [72, 73], [72, 74], [93, 94], [93, 95], [130, 131], [130, 139], [181, 182], [181, 184], [195, 196], [195, 203]], "functions": {"root": {"executed_lines": [34], "summary": {"covered_lines": 1, "num_statements": 1, "percent_covered": 100.0, "percent_covered_display": "100", "missing_lines": 0, "excluded_lines": 0, "percent_statements_covered": 100.0, "percent_statements_covered_display": "100", "num_branches": 0, "num_partial_branches": 0, "covered_branches": 0, "missing_branches": 0, "percent_branches_covered": 100.0, "percent_branches_covered_display": "100"}, "missing_lines": [], "excluded_lines": [], "start_line": 33, "executed_branches": [], "missing_branches": []}, "dashboard_page": {"executed_lines": [39, 41], "summary": {"covered_lines": 2, "num_statements": 3, "percent_covered": 66.66666666666667, "percent_covered_display": "67", "missing_lines": 1, "excluded_lines": 0, "percent_statements_covered": 66.66666666666667, "percent_statements_covered_display": "67", "num_branches": 0, "num_partial_branches": 0, "covered_branches": 0, "missing_branches": 0, "percent_branches_covered": 100.0, "percent_branches_covered_display": "100"}, "missing_lines": [42], "excluded_lines": [], "start_line": 38, "executed_branches": [], "missing_branches": []}, "leads_page": {"executed_lines": [54, 55, 56, 57, 61, 64, 86], "summary": {"covered_lines": 7, "num_statements": 19, "percent_covered": 29.032258064516128, "percent_covered_display": "29", "missing_lines": 12, "excluded_lines": 0, "percent_statements_covered": 36.8421052631579, "percent_statements_covered_display": "37", "num_branches": 12, "num_partial_branches": 0, "covered_branches": 2, "missing_branches": 10, "percent_branches_covered": 16.666666666666668, "percent_branches_covered_display": "17"}, "missing_lines": [59, 60, 67, 68, 69, 70, 71, 72, 73, 74, 75, 87], "excluded_lines": [], "start_line": 46, "executed_branches": [[55, 56], [55, 57]], "missing_branches": [[60, 61], [60, 86], [67, 68], [67, 71], [69, 70], [69, 71], [71, 72], [71, 74], [72, 73], [72, 74]]}, "lead_detail_page": {"executed_lines": [92, 95, 98, 101, 104, 106], "summary": {"covered_lines": 6, "num_statements": 14, "percent_covered": 33.333333333333336, "percent_covered_display": "33", "missing_lines": 8, "excluded_lines": 0, "percent_statements_covered": 42.857142857142854, "percent_statements_covered_display": "43", "num_branches": 4, "num_partial_branches": 0, "covered_branches": 0, "missing_branches": 4, "percent_branches_covered": 0.0, "percent_branches_covered_display": "0"}, "missing_lines": [93, 94, 105, 108, 129, 130, 131, 139], "excluded_lines": [], "start_line": 91, "executed_branches": [], "missing_branches": [[93, 94], [93, 95], [130, 131], [130, 139]]}, "manual_review_page": {"executed_lines": [144, 146, 147, 150], "summary": {"covered_lines": 4, "num_statements": 7, "percent_covered": 57.142857142857146, "percent_covered_display": "57", "missing_lines": 3, "excluded_lines": 0, "percent_statements_covered": 57.142857142857146, "percent_statements_covered_display": "57", "num_branches": 0, "num_partial_branches": 0, "covered_branches": 0, "missing_branches": 0, "percent_branches_covered": 100.0, "percent_branches_covered_display": "100"}, "missing_lines": [148, 151, 162], "excluded_lines": [], "start_line": 143, "executed_branches": [], "missing_branches": []}, "manual_review_resolve_form": {"executed_lines": [173, 174, 175, 176, 177, 180, 185, 194, 197], "summary": {"covered_lines": 9, "num_statements": 23, "percent_covered": 33.333333333333336, "percent_covered_display": "33", "missing_lines": 14, "excluded_lines": 0, "percent_statements_covered": 39.130434782608695, "percent_statements_covered_display": "39", "num_branches": 4, "num_partial_branches": 0, "covered_branches": 0, "missing_branches": 4, "percent_branches_covered": 0.0, "percent_branches_covered_display": "0"}, "missing_lines": [181, 182, 184, 186, 187, 188, 189, 190, 191, 195, 196, 198, 200, 203], "excluded_lines": [], "start_line": 166, "executed_branches": [], "missing_branches": [[181, 182], [181, 184], [195, 196], [195, 203]]}, "dead_letter_page": {"executed_lines": [212, 213, 218], "summary": {"covered_lines": 3, "num_statements": 5, "percent_covered": 60.0, "percent_covered_display": "60", "missing_lines": 2, "excluded_lines": 0, "percent_statements_covered": 60.0, "percent_statements_covered_display": "60", "num_branches": 0, "num_partial_branches": 0, "covered_branches": 0, "missing_branches": 0, "percent_branches_covered": 100.0, "percent_branches_covered_display": "100"}, "missing_lines": [219, 232], "excluded_lines": [], "start_line": 207, "executed_branches": [], "missing_branches": []}, "": {"executed_lines": [10, 12, 13, 14, 15, 16, 18, 20, 21, 22, 23, 24, 26, 27, 29, 32, 33, 37, 38, 45, 46, 90, 91, 142, 143, 165, 166, 206, 207], "summary": {"covered_lines": 29, "num_statements": 29, "percent_covered": 100.0, "percent_covered_display": "100", "missing_lines": 0, "excluded_lines": 0, "percent_statements_covered": 100.0, "percent_statements_covered_display": "100", "num_branches": 0, "num_partial_branches": 0, "covered_branches": 0, "missing_branches": 0, "percent_branches_covered": 100.0, "percent_branches_covered_display": "100"}, "missing_lines": [], "excluded_lines": [], "start_line": 1, "executed_branches": [], "missing_branches": []}}, "classes": {"": {"executed_lines": [10, 12, 13, 14, 15, 16, 18, 20, 21, 22, 23, 24, 26, 27, 29, 32, 33, 34, 37, 38, 39, 41, 45, 46, 54, 55, 56, 57, 61, 64, 86, 90, 91, 92, 95, 98, 101, 104, 106, 142, 143, 144, 146, 147, 150, 165, 166, 173, 174, 175, 176, 177, 180, 185, 194, 197, 206, 207, 212, 213, 218], "summary": {"covered_lines": 61, "num_statements": 101, "percent_covered": 52.06611570247934, "percent_covered_display": "52", "missing_lines": 40, "excluded_lines": 0, "percent_statements_covered": 60.396039603960396, "percent_statements_covered_display": "60", "num_branches": 20, "num_partial_branches": 0, "covered_branches": 2, "missing_branches": 18, "percent_branches_covered": 10.0, "percent_branches_covered_display": "10"}, "missing_lines": [42, 59, 60, 67, 68, 69, 70, 71, 72, 73, 74, 75, 87, 93, 94, 105, 108, 129, 130, 131, 139, 148, 151, 162, 181, 182, 184, 186, 187, 188, 189, 190, 191, 195, 196, 198, 200, 203, 219, 232], "excluded_lines": [], "start_line": 1, "executed_branches": [[55, 56], [55, 57]], "missing_branches": [[60, 61], [60, 86], [67, 68], [67, 71], [69, 70], [69, 71], [71, 72], [71, 74], [72, 73], [72, 74], [93, 94], [93, 95], [130, 131], [130, 139], [181, 182], [181, 184], [195, 196], [195, 203]]}}}, "app/schemas/__init__.py": {"executed_lines": [], "summary": {"covered_lines": 0, "num_statements": 0, "percent_covered": 100.0, "percent_covered_display": "100", "missing_lines": 0, "excluded_lines": 0, "percent_statements_covered": 100.0, "percent_statements_covered_display": "100", "num_branches": 0, "num_partial_branches": 0, "covered_branches": 0, "missing_branches": 0, "percent_branches_covered": 100.0, "percent_branches_covered_display": "100"}, "missing_lines": [], "excluded_lines": [], "executed_branches": [], "missing_branches": [], "functions": {"": {"executed_lines": [], "summary": {"covered_lines": 0, "num_statements": 0, "percent_covered": 100.0, "percent_covered_display": "100", "missing_lines": 0, "excluded_lines": 0, "percent_statements_covered": 100.0, "percent_statements_covered_display": "100", "num_branches": 0, "num_partial_branches": 0, "covered_branches": 0, "missing_branches": 0, "percent_branches_covered": 100.0, "percent_branches_covered_display": "100"}, "missing_lines": [], "excluded_lines": [], "start_line": 1, "executed_branches": [], "missing_branches": []}}, "classes": {"": {"executed_lines": [], "summary": {"covered_lines": 0, "num_statements": 0, "percent_covered": 100.0, "percent_covered_display": "100", "missing_lines": 0, "excluded_lines": 0, "percent_statements_covered": 100.0, "percent_statements_covered_display": "100", "num_branches": 0, "num_partial_branches": 0, "covered_branches": 0, "missing_branches": 0, "percent_branches_covered": 100.0, "percent_branches_covered_display": "100"}, "missing_lines": [], "excluded_lines": [], "start_line": 1, "executed_branches": [], "missing_branches": []}}}, "app/schemas/events.py": {"executed_lines": [8, 9, 11, 14, 22, 23, 24, 25, 26, 29, 32, 33, 34, 35, 36, 37, 40, 43, 44, 45, 46, 47, 50, 53, 54, 55, 56, 57, 60, 65, 66], "summary": {"covered_lines": 31, "num_statements": 31, "percent_covered": 100.0, "percent_covered_display": "100", "missing_lines": 0, "excluded_lines": 0, "percent_statements_covered": 100.0, "percent_statements_covered_display": "100", "num_branches": 0, "num_partial_branches": 0, "covered_branches": 0, "missing_branches": 0, "percent_branches_covered": 100.0, "percent_branches_covered_display": "100"}, "missing_lines": [], "excluded_lines": [], "executed_branches": [], "missing_branches": [], "functions": {"": {"executed_lines": [8, 9, 11, 14, 22, 23, 24, 25, 26, 29, 32, 33, 34, 35, 36, 37, 40, 43, 44, 45, 46, 47, 50, 53, 54, 55, 56, 57, 60, 65, 66], "summary": {"covered_lines": 31, "num_statements": 31, "percent_covered": 100.0, "percent_covered_display": "100", "missing_lines": 0, "excluded_lines": 0, "percent_statements_covered": 100.0, "percent_statements_covered_display": "100", "num_branches": 0, "num_partial_branches": 0, "covered_branches": 0, "missing_branches": 0, "percent_branches_covered": 100.0, "percent_branches_covered_display": "100"}, "missing_lines": [], "excluded_lines": [], "start_line": 1, "executed_branches": [], "missing_branches": []}}, "classes": {"EventCommon": {"executed_lines": [], "summary": {"covered_lines": 0, "num_statements": 0, "percent_covered": 100.0, "percent_covered_display": "100", "missing_lines": 0, "excluded_lines": 0, "percent_statements_covered": 100.0, "percent_statements_covered_display": "100", "num_branches": 0, "num_partial_branches": 0, "covered_branches": 0, "missing_branches": 0, "percent_branches_covered": 100.0, "percent_branches_covered_display": "100"}, "missing_lines": [], "excluded_lines": [], "start_line": 14, "executed_branches": [], "missing_branches": []}, "WebFormEvent": {"executed_lines": [], "summary": {"covered_lines": 0, "num_statements": 0, "percent_covered": 100.0, "percent_covered_display": "100", "missing_lines": 0, "excluded_lines": 0, "percent_statements_covered": 100.0, "percent_statements_covered_display": "100", "num_branches": 0, "num_partial_branches": 0, "covered_branches": 0, "missing_branches": 0, "percent_branches_covered": 100.0, "percent_branches_covered_display": "100"}, "missing_lines": [], "excluded_lines": [], "start_line": 29, "executed_branches": [], "missing_branches": []}, "SocialMentionEvent": {"executed_lines": [], "summary": {"covered_lines": 0, "num_statements": 0, "percent_covered": 100.0, "percent_covered_display": "100", "missing_lines": 0, "excluded_lines": 0, "percent_statements_covered": 100.0, "percent_statements_covered_display": "100", "num_branches": 0, "num_partial_branches": 0, "covered_branches": 0, "missing_branches": 0, "percent_branches_covered": 100.0, "percent_branches_covered_display": "100"}, "missing_lines": [], "excluded_lines": [], "start_line": 40, "executed_branches": [], "missing_branches": []}, "EmailEngagementEvent": {"executed_lines": [], "summary": {"covered_lines": 0, "num_statements": 0, "percent_covered": 100.0, "percent_covered_display": "100", "missing_lines": 0, "excluded_lines": 0, "percent_statements_covered": 100.0, "percent_statements_covered_display": "100", "num_branches": 0, "num_partial_branches": 0, "covered_branches": 0, "missing_branches": 0, "percent_branches_covered": 100.0, "percent_branches_covered_display": "100"}, "missing_lines": [], "excluded_lines": [], "start_line": 50, "executed_branches": [], "missing_branches": []}, "": {"executed_lines": [8, 9, 11, 14, 22, 23, 24, 25, 26, 29, 32, 33, 34, 35, 36, 37, 40, 43, 44, 45, 46, 47, 50, 53, 54, 55, 56, 57, 60, 65, 66], "summary": {"covered_lines": 31, "num_statements": 31, "percent_covered": 100.0, "percent_covered_display": "100", "missing_lines": 0, "excluded_lines": 0, "percent_statements_covered": 100.0, "percent_statements_covered_display": "100", "num_branches": 0, "num_partial_branches": 0, "covered_branches": 0, "missing_branches": 0, "percent_branches_covered": 100.0, "percent_branches_covered_display": "100"}, "missing_lines": [], "excluded_lines": [], "start_line": 1, "executed_branches": [], "missing_branches": []}}}, "app/schemas/responses.py": {"executed_lines": [3, 6, 15, 16, 17, 18, 19, 23, 24, 25, 31, 32, 33, 37, 39, 40, 41, 44, 45, 46, 47, 48, 49, 52], "summary": {"covered_lines": 24, "num_statements": 24, "percent_covered": 100.0, "percent_covered_display": "100", "missing_lines": 0, "excluded_lines": 0, "percent_statements_covered": 100.0, "percent_statements_covered_display": "100", "num_branches": 0, "num_partial_branches": 0, "covered_branches": 0, "missing_branches": 0, "percent_branches_covered": 100.0, "percent_branches_covered_display": "100"}, "missing_lines": [], "excluded_lines": [], "executed_branches": [], "missing_branches": [], "functions": {"": {"executed_lines": [3, 6, 15, 16, 17, 18, 19, 23, 24, 25, 31, 32, 33, 37, 39, 40, 41, 44, 45, 46, 47, 48, 49, 52], "summary": {"covered_lines": 24, "num_statements": 24, "percent_covered": 100.0, "percent_covered_display": "100", "missing_lines": 0, "excluded_lines": 0, "percent_statements_covered": 100.0, "percent_statements_covered_display": "100", "num_branches": 0, "num_partial_branches": 0, "covered_branches": 0, "missing_branches": 0, "percent_branches_covered": 100.0, "percent_branches_covered_display": "100"}, "missing_lines": [], "excluded_lines": [], "start_line": 1, "executed_branches": [], "missing_branches": []}}, "classes": {"EventIngestResponse": {"executed_lines": [], "summary": {"covered_lines": 0, "num_statements": 0, "percent_covered": 100.0, "percent_covered_display": "100", "missing_lines": 0, "excluded_lines": 0, "percent_statements_covered": 100.0, "percent_statements_covered_display": "100", "num_branches": 0, "num_partial_branches": 0, "covered_branches": 0, "missing_branches": 0, "percent_branches_covered": 100.0, "percent_branches_covered_display": "100"}, "missing_lines": [], "excluded_lines": [], "start_line": 6, "executed_branches": [], "missing_branches": []}, "": {"executed_lines": [3, 6, 15, 16, 17, 18, 19, 23, 24, 25, 31, 32, 33, 37, 39, 40, 41, 44, 45, 46, 47, 48, 49, 52], "summary": {"covered_lines": 24, "num_statements": 24, "percent_covered": 100.0, "percent_covered_display": "100", "missing_lines": 0, "excluded_lines": 0, "percent_statements_covered": 100.0, "percent_statements_covered_display": "100", "num_branches": 0, "num_partial_branches": 0, "covered_branches": 0, "missing_branches": 0, "percent_branches_covered": 100.0, "percent_branches_covered_display": "100"}, "missing_lines": [], "excluded_lines": [], "start_line": 1, "executed_branches": [], "missing_branches": []}}}, "app/services/__init__.py": {"executed_lines": [], "summary": {"covered_lines": 0, "num_statements": 0, "percent_covered": 100.0, "percent_covered_display": "100", "missing_lines": 0, "excluded_lines": 0, "percent_statements_covered": 100.0, "percent_statements_covered_display": "100", "num_branches": 0, "num_partial_branches": 0, "covered_branches": 0, "missing_branches": 0, "percent_branches_covered": 100.0, "percent_branches_covered_display": "100"}, "missing_lines": [], "excluded_lines": [], "executed_branches": [], "missing_branches": [], "functions": {"": {"executed_lines": [], "summary": {"covered_lines": 0, "num_statements": 0, "percent_covered": 100.0, "percent_covered_display": "100", "missing_lines": 0, "excluded_lines": 0, "percent_statements_covered": 100.0, "percent_statements_covered_display": "100", "num_branches": 0, "num_partial_branches": 0, "covered_branches": 0, "missing_branches": 0, "percent_branches_covered": 100.0, "percent_branches_covered_display": "100"}, "missing_lines": [], "excluded_lines": [], "start_line": 1, "executed_branches": [], "missing_branches": []}}, "classes": {"": {"executed_lines": [], "summary": {"covered_lines": 0, "num_statements": 0, "percent_covered": 100.0, "percent_covered_display": "100", "missing_lines": 0, "excluded_lines": 0, "percent_statements_covered": 100.0, "percent_statements_covered_display": "100", "num_branches": 0, "num_partial_branches": 0, "covered_branches": 0, "missing_branches": 0, "percent_branches_covered": 100.0, "percent_branches_covered_display": "100"}, "missing_lines": [], "excluded_lines": [], "start_line": 1, "executed_branches": [], "missing_branches": []}}}, "app/services/act.py": {"executed_lines": [10, 11, 12, 13, 14, 16, 17, 18, 20, 21, 22, 23, 25, 27, 28, 31, 34, 36, 37, 38, 39, 41, 42, 43, 46, 47, 50, 57, 58, 59, 60, 61, 62, 63, 64, 65, 68, 80, 91, 105, 115, 116, 117, 118, 119, 121, 124, 126, 127, 128, 129, 143, 145, 152, 153, 154, 182, 196, 199, 206, 207, 214, 217, 219, 252], "summary": {"covered_lines": 65, "num_statements": 103, "percent_covered": 62.8099173553719, "percent_covered_display": "63", "missing_lines": 38, "excluded_lines": 0, "percent_statements_covered": 63.10679611650485, "percent_statements_covered_display": "63", "num_branches": 18, "num_partial_branches": 1, "covered_branches": 11, "missing_branches": 7, "percent_branches_covered": 61.111111111111114, "percent_branches_covered_display": "61"}, "missing_lines": [40, 44, 45, 83, 84, 85, 86, 88, 89, 90, 92, 93, 94, 97, 98, 99, 100, 101, 102, 155, 157, 158, 161, 162, 163, 164, 165, 166, 180, 208, 209, 215, 222, 234, 235, 244, 253, 266], "excluded_lines": [], "executed_branches": [[36, 37], [36, 38], [39, 41], [57, 58], [57, 64], [59, 60], [59, 61], [61, 62], [61, 63], [124, 126], [124, 145]], "missing_branches": [[39, 40], [83, 84], [83, 88], [97, 98], [97, 99], [161, 162], [161, 163]], "functions": {"_load_routing_rules": {"executed_lines": [36, 37, 38, 39, 41, 42, 43, 46, 47], "summary": {"covered_lines": 9, "num_statements": 12, "percent_covered": 75.0, "percent_covered_display": "75", "missing_lines": 3, "excluded_lines": 0, "percent_statements_covered": 75.0, "percent_statements_covered_display": "75", "num_branches": 4, "num_partial_branches": 1, "covered_branches": 3, "missing_branches": 1, "percent_branches_covered": 75.0, "percent_branches_covered_display": "75"}, "missing_lines": [40, 44, 45], "excluded_lines": [], "start_line": 34, "executed_branches": [[36, 37], [36, 38], [39, 41]], "missing_branches": [[39, 40]]}, "apply_routing_rule": {"executed_lines": [57, 58, 59, 60, 61, 62, 63, 64, 65], "summary": {"covered_lines": 9, "num_statements": 9, "percent_covered": 100.0, "percent_covered_display": "100", "missing_lines": 0, "excluded_lines": 0, "percent_statements_covered": 100.0, "percent_statements_covered_display": "100", "num_branches": 6, "num_partial_branches": 0, "covered_branches": 6, "missing_branch
[...]
 87, "executed_branches": [], "missing_branches": []}, "should_auto_link": {"executed_lines": [106, 107], "summary": {"covered_lines": 2, "num_statements": 2, "percent_covered": 100.0, "percent_covered_display": "100", "missing_lines": 0, "excluded_lines": 0, "percent_statements_covered": 100.0, "percent_statements_covered_display": "100", "num_branches": 0, "num_partial_branches": 0, "covered_branches": 0, "missing_branches": 0, "percent_branches_covered": 100.0, "percent_branches_covered_display": "100"}, "missing_lines": [], "excluded_lines": [], "start_line": 100, "executed_branches": [], "missing_branches": []}, "_identity_name": {"executed_lines": [111], "summary": {"covered_lines": 1, "num_statements": 1, "percent_covered": 100.0, "percent_covered_display": "100", "missing_lines": 0, "excluded_lines": 0, "percent_statements_covered": 100.0, "percent_statements_covered_display": "100", "num_branches": 0, "num_partial_branches": 0, "covered_branches": 0, "missing_branches": 0, "percent_branches_covered": 100.0, "percent_branches_covered_display": "100"}, "missing_lines": [], "excluded_lines": [], "start_line": 110, "executed_branches": [], "missing_branches": []}, "_find_by_email": {"executed_lines": [115], "summary": {"covered_lines": 1, "num_statements": 1, "percent_covered": 100.0, "percent_covered_display": "100", "missing_lines": 0, "excluded_lines": 0, "percent_statements_covered": 100.0, "percent_statements_covered_display": "100", "num_branches": 0, "num_partial_branches": 0, "covered_branches": 0, "missing_branches": 0, "percent_branches_covered": 100.0, "percent_branches_covered_display": "100"}, "missing_lines": [], "excluded_lines": [], "start_line": 114, "executed_branches": [], "missing_branches": []}, "_find_by_phone": {"executed_lines": [121, 122], "summary": {"covered_lines": 2, "num_statements": 2, "percent_covered": 100.0, "percent_covered_display": "100", "missing_lines": 0, "excluded_lines": 0, "percent_statements_covered": 100.0, "percent_statements_covered_display": "100", "num_branches": 0, "num_partial_branches": 0, "covered_branches": 0, "missing_branches": 0, "percent_branches_covered": 100.0, "percent_branches_covered_display": "100"}, "missing_lines": [], "excluded_lines": [], "start_line": 120, "executed_branches": [], "missing_branches": []}, "_find_fuzzy_candidate": {"executed_lines": [133, 136, 137, 138, 139, 140, 141, 142, 143, 144], "summary": {"covered_lines": 10, "num_statements": 10, "percent_covered": 92.85714285714286, "percent_covered_display": "93", "missing_lines": 0, "excluded_lines": 0, "percent_statements_covered": 100.0, "percent_statements_covered_display": "100", "num_branches": 4, "num_partial_branches": 1, "covered_branches": 3, "missing_branches": 1, "percent_branches_covered": 75.0, "percent_branches_covered_display": "75"}, "missing_lines": [], "excluded_lines": [], "start_line": 125, "executed_branches": [[139, 140], [139, 144], [141, 142]], "missing_branches": [[141, 139]]}, "_upsert_identity_link": {"executed_lines": [161, 164, 165, 171, 176], "summary": {"covered_lines": 5, "num_statements": 8, "percent_covered": 60.0, "percent_covered_display": "60", "missing_lines": 3, "excluded_lines": 0, "percent_statements_covered": 62.5, "percent_statements_covered_display": "62", "num_branches": 2, "num_partial_branches": 1, "covered_branches": 1, "missing_branches": 1, "percent_branches_covered": 50.0, "percent_branches_covered_display": "50"}, "missing_lines": [173, 174, 175], "excluded_lines": [], "start_line": 147, "executed_branches": [[164, 165]], "missing_branches": [[164, 173]]}, "_queue_review": {"executed_lines": [182, 187, 191, 195, 196, 202, 203, 204, 212, 224], "summary": {"covered_lines": 10, "num_statements": 12, "percent_covered": 78.57142857142857, "percent_covered_display": "79", "missing_lines": 2, "excluded_lines": 0, "percent_statements_covered": 83.33333333333333, "percent_statements_covered_display": "83", "num_branches": 2, "num_partial_branches": 1, "covered_branches": 1, "missing_branches": 1, "percent_branches_covered": 50.0, "percent_branches_covered_display": "50"}, "missing_lines": [192, 193], "excluded_lines": [], "start_line": 179, "executed_branches": [[187, 195]], "missing_branches": [[187, 191]]}, "_link_via_exact": {"executed_lines": [242, 243, 244, 248, 249, 250, 251, 252, 253, 254, 255, 258, 262, 263, 272, 286, 293, 294], "summary": {"covered_lines": 18, "num_statements": 23, "percent_covered": 72.41379310344827, "percent_covered_display": "72", "missing_lines": 5, "excluded_lines": 0, "percent_statements_covered": 78.26086956521739, "percent_statements_covered_display": "78", "num_branches": 6, "num_partial_branches": 1, "covered_branches": 3, "missing_branches": 3, "percent_branches_covered": 50.0, "percent_branches_covered_display": "50"}, "missing_lines": [256, 257, 259, 260, 261], "excluded_lines": [], "start_line": 227, "executed_branches": [[250, 251], [250, 286], [262, 263]], "missing_branches": [[259, 260], [259, 261], [262, 286]]}, "resolve_identity": {"executed_lines": [307, 308, 310, 313, 317, 326, 327, 328, 336, 337, 338, 346, 347, 348, 349, 350, 352, 353, 354, 355, 364, 377, 384, 385, 386, 388, 394, 395, 396, 397, 398, 399, 400, 401, 404, 405, 406, 407, 408, 412, 413, 414, 415, 416], "summary": {"covered_lines": 44, "num_statements": 44, "percent_covered": 100.0, "percent_covered_display": "100", "missing_lines": 0, "excluded_lines": 0, "percent_statements_covered": 100.0, "percent_statements_covered_display": "100", "num_branches": 12, "num_partial_branches": 0, "covered_branches": 12, "missing_branches": 0, "percent_branches_covered": 100.0, "percent_branches_covered_display": "100"}, "missing_lines": [], "excluded_lines": [], "start_line": 298, "executed_branches": [[313, 317], [313, 326], [327, 328], [327, 336], [337, 338], [337, 346], [347, 348], [347, 412], [350, 352], [350, 388], [396, 397], [396, 404]], "missing_branches": []}, "get_pending_reviews": {"executed_lines": [428, 433], "summary": {"covered_lines": 2, "num_statements": 2, "percent_covered": 100.0, "percent_covered_display": "100", "missing_lines": 0, "excluded_lines": 0, "percent_statements_covered": 100.0, "percent_statements_covered_display": "100", "num_branches": 0, "num_partial_branches": 0, "covered_branches": 0, "missing_branches": 0, "percent_branches_covered": 100.0, "percent_branches_covered_display": "100"}, "missing_lines": [], "excluded_lines": [], "start_line": 420, "executed_branches": [], "missing_branches": []}, "resolve_review": {"executed_lines": [462, 463, 464, 465, 468, 471, 472, 475, 477, 484, 485, 487, 490, 491, 494, 496, 498, 502, 504, 511, 520, 521, 537, 540, 541, 542, 544, 545, 546, 547, 557, 570, 577, 586, 587], "summary": {"covered_lines": 35, "num_statements": 38, "percent_covered": 88.46153846153847, "percent_covered_display": "88", "missing_lines": 3, "excluded_lines": 0, "percent_statements_covered": 92.10526315789474, "percent_statements_covered_display": "92", "num_branches": 14, "num_partial_branches": 3, "covered_branches": 11, "missing_branches": 3, "percent_branches_covered": 78.57142857142857, "percent_branches_covered_display": "79"}, "missing_lines": [469, 492, 503], "excluded_lines": [], "start_line": 436, "executed_branches": [[462, 463], [462, 471], [463, 464], [463, 465], [468, 471], [485, 487], [485, 494], [490, 491], [496, 498], [496, 537], [502, 504]], "missing_branches": [[468, 469], [490, 492], [502, 503]]}, "": {"executed_lines": [10, 11, 12, 13, 14, 15, 16, 17, 19, 20, 21, 23, 24, 25, 26, 28, 30, 32, 35, 39, 46, 51, 58, 72, 100, 110, 114, 120, 125, 147, 179, 227, 298, 420, 436], "summary": {"covered_lines": 35, "num_statements": 35, "percent_covered": 100.0, "percent_covered_display": "100", "missing_lines": 0, "excluded_lines": 0, "percent_statements_covered": 100.0, "percent_statements_covered_display": "100", "num_branches": 0, "num_partial_branches": 0, "covered_branches": 0, "missing_branches": 0, "percent_branches_covered": 100.0, "percent_branches_covered_display": "100"}, "missing_lines": [], "excluded_lines": [], "start_line": 1, "executed_branches": [], "missing_branches": []}}, "classes": {"ReviewAlreadyResolvedError": {"executed_lines": [], "summary": {"covered_lines": 0, "num_statements": 0, "percent_covered": 100.0, "percent_covered_display": "100", "missing_lines": 0, "excluded_lines": 0, "percent_statements_covered": 100.0, "percent_statements_covered_display": "100", "num_branches": 0, "num_partial_branches": 0, "covered_branches": 0, "missing_branches": 0, "percent_branches_covered": 100.0, "percent_branches_covered_display": "100"}, "missing_lines": [], "excluded_lines": [], "start_line": 35, "executed_branches": [], "missing_branches": []}, "": {"executed_lines": [10, 11, 12, 13, 14, 15, 16, 17, 19, 20, 21, 23, 24, 25, 26, 28, 30, 32, 35, 39, 41, 42, 43, 46, 48, 51, 53, 54, 55, 58, 64, 65, 66, 67, 68, 69, 72, 85, 87, 88, 92, 93, 94, 97, 100, 106, 107, 110, 111, 114, 115, 120, 121, 122, 125, 133, 136, 137, 138, 139, 140, 141, 142, 143, 144, 147, 161, 164, 165, 171, 176, 179, 182, 187, 191, 195, 196, 202, 203, 204, 212, 224, 227, 242, 243, 244, 248, 249, 250, 251, 252, 253, 254, 255, 258, 262, 263, 272, 286, 293, 294, 298, 307, 308, 310, 313, 317, 326, 327, 328, 336, 337, 338, 346, 347, 348, 349, 350, 352, 353, 354, 355, 364, 377, 384, 385, 386, 388, 394, 395, 396, 397, 398, 399, 400, 401, 404, 405, 406, 407, 408, 412, 413, 414, 415, 416, 420, 428, 433, 436, 462, 463, 464, 465, 468, 471, 472, 475, 477, 484, 485, 487, 490, 491, 494, 496, 498, 502, 504, 511, 520, 521, 537, 540, 541, 542, 544, 545, 546, 547, 557, 570, 577, 586, 587], "summary": {"covered_lines": 185, "num_statements": 199, "percent_covered": 90.36144578313252, "percent_covered_display": "90", "missing_lines": 14, "excluded_lines": 0, "percent_statements_covered": 92.96482412060301, "percent_statements_covered_display": "93", "num_branches": 50, "num_partial_branches": 8, "covered_branches": 40, "missing_branches": 10, "percent_branches_covered": 80.0, "percent_branches_covered_display": "80"}, "missing_lines": [86, 173, 174, 175, 192, 193, 256, 257, 259, 260, 261, 469, 492, 503], "excluded_lines": [], "start_line": 1, "executed_branches": [[53, 54], [53, 55], [64, 65], [64, 66], [67, 68], [67, 69], [85, 87], [93, 94], [93, 97], [139, 140], [139, 144], [141, 142], [164, 165], [187, 195], [250, 251], [250, 286], [262, 263], [313, 317], [313, 326], [327, 328], [327, 336], [337, 338], [337, 346], [347, 348], [347, 412], [350, 352], [350, 388], [396, 397], [396, 404], [462, 463], [462, 471], [463, 464], [463, 465], [468, 471], [485, 487], [485, 494], [490, 491], [496, 498], [496, 537], [502, 504]], "missing_branches": [[85, 86], [141, 139], [164, 173], [187, 191], [259, 260], [259, 261], [262, 286], [468, 469], [490, 492], [502, 503]]}}}, "app/services/score.py": {"executed_lines": [10, 11, 12, 13, 14, 16, 17, 18, 20, 21, 22, 23, 25, 27, 31, 34, 36, 37, 38, 39, 40, 42, 43, 44, 47, 48, 51, 65, 66, 67, 69, 70, 71, 73, 74, 75, 80, 81, 83, 85, 99, 102, 110, 111, 112, 113, 116, 128, 129, 130, 139, 140, 148, 152, 153], "summary": {"covered_lines": 55, "num_statements": 61, "percent_covered": 90.14084507042253, "percent_covered_display": "90", "missing_lines": 6, "excluded_lines": 0, "percent_statements_covered": 90.1639344262295, "percent_statements_covered_display": "90", "num_branches": 10, "num_partial_branches": 1, "covered_branches": 9, "missing_branches": 1, "percent_branches_covered": 90.0, "percent_branches_covered_display": "90"}, "missing_lines": [41, 45, 46, 156, 168, 178], "excluded_lines": [], "executed_branches": [[37, 38], [37, 39], [40, 42], [66, 67], [66, 69], [110, 111], [110, 113], [111, 110], [111, 112]], "missing_branches": [[40, 41]], "functions": {"_load_policy": {"executed_lines": [36, 37, 38, 39, 40, 42, 43, 44, 47, 48], "summary": {"covered_lines": 10, "num_statements": 13, "percent_covered": 76.47058823529412, "percent_covered_display": "76", "missing_lines": 3, "excluded_lines": 0, "percent_statements_covered": 76.92307692307692, "percent_statements_covered_display": "77", "num_branches": 4, "num_partial_branches": 1, "covered_branches": 3, "missing_branches": 1, "percent_branches_covered": 75.0, "percent_branches_covered_display": "75"}, "missing_lines": [41, 45, 46], "excluded_lines": [], "start_line": 34, "executed_branches": [[37, 38], [37, 39], [40, 42]], "missing_branches": [[40, 41]]}, "compute_score": {"executed_lines": [65, 66, 67, 69, 70, 71, 73, 74, 75, 80, 81, 83, 85, 99], "summary": {"covered_lines": 14, "num_statements": 14, "percent_covered": 100.0, "percent_covered_display": "100", "missing_lines": 0, "excluded_lines": 0, "percent_statements_covered": 100.0, "percent_statements_covered_display": "100", "num_branches": 2, "num_partial_branches": 0, "covered_branches": 2, "missing_branches": 0, "percent_branches_covered": 100.0, "percent_branches_covered_display": "100"}, "missing_lines": [], "excluded_lines": [], "start_line": 51, "executed_branches": [[66, 67], [66, 69]], "missing_branches": []}, "_decide": {"executed_lines": [110, 111, 112, 113], "summary": {"covered_lines": 4, "num_statements": 4, "percent_covered": 100.0, "percent_covered_display": "100", "missing_lines": 0, "excluded_lines": 0, "percent_statements_covered": 100.0, "percent_statements_covered_display": "100", "num_branches": 4, "num_partial_branches": 0, "covered_branches": 4, "missing_branches": 0, "percent_branches_covered": 100.0, "percent_branches_covered_display": "100"}, "missing_lines": [], "excluded_lines": [], "start_line": 102, "executed_branches": [[110, 111], [110, 113], [111, 110], [111, 112]], "missing_branches": []}, "score_event": {"executed_lines": [128, 129, 130, 139, 140, 148, 152, 153], "summary": {"covered_lines": 8, "num_statements": 11, "percent_covered": 72.72727272727273, "percent_covered_display": "73", "missing_lines": 3, "excluded_lines": 0, "percent_statements_covered": 72.72727272727273, "percent_statements_covered_display": "73", "num_branches": 0, "num_partial_branches": 0, "covered_branches": 0, "missing_branches": 0, "percent_branches_covered": 100.0, "percent_branches_covered_display": "100"}, "missing_lines": [156, 168, 178], "excluded_lines": [], "start_line": 116, "executed_branches": [], "missing_branches": []}, "": {"executed_lines": [10, 11, 12, 13, 14, 16, 17, 18, 20, 21, 22, 23, 25, 27, 31, 34, 51, 102, 116], "summary": {"covered_lines": 19, "num_statements": 19, "percent_covered": 100.0, "percent_covered_display": "100", "missing_lines": 0, "excluded_lines": 0, "percent_statements_covered": 100.0, "percent_statements_covered_display": "100", "num_branches": 0, "num_partial_branches": 0, "covered_branches": 0, "missing_branches": 0, "percent_branches_covered": 100.0, "percent_branches_covered_display": "100"}, "missing_lines": [], "excluded_lines": [], "start_line": 1, "executed_branches": [], "missing_branches": []}}, "classes": {"": {"executed_lines": [10, 11, 12, 13, 14, 16, 17, 18, 20, 21, 22, 23, 25, 27, 31, 34, 36, 37, 38, 39, 40, 42, 43, 44, 47, 48, 51, 65, 66, 67, 69, 70, 71, 73, 74, 75, 80, 81, 83, 85, 99, 102, 110, 111, 112, 113, 116, 128, 129, 130, 139, 140, 148, 152, 153], "summary": {"covered_lines": 55, "num_statements": 61, "percent_covered": 90.14084507042253, "percent_covered_display": "90", "missing_lines": 6, "excluded_lines": 0, "percent_statements_covered": 90.1639344262295, "percent_statements_covered_display": "90", "num_branches": 10, "num_partial_branches": 1, "covered_branches": 9, "missing_branches": 1, "percent_branches_covered": 90.0, "percent_branches_covered_display": "90"}, "missing_lines": [41, 45, 46, 156, 168, 178], "excluded_lines": [], "start_line": 1, "executed_branches": [[37, 38], [37, 39], [40, 42], [66, 67], [66, 69], [110, 111], [110, 113], [111, 110], [111, 112]], "missing_branches": [[40, 41]]}}}, "app/services/summarize.py": {"executed_lines": [9, 11, 12, 14, 17, 29, 30, 32, 34, 37, 38, 39, 43, 47, 54, 61, 68, 74, 77, 81], "summary": {"covered_lines": 20, "num_statements": 43, "percent_covered": 41.509433962264154, "percent_covered_display": "42", "missing_lines": 23, "excluded_lines": 0, "percent_statements_covered": 46.51162790697674, "percent_statements_covered_display": "47", "num_branches": 10, "num_partial_branches": 2, "covered_branches": 2, "missing_branches": 8, "percent_branches_covered": 20.0, "percent_branches_covered_display": "20"}, "missing_lines": [31, 33, 41, 42, 45, 46, 50, 51, 52, 53, 57, 58, 59, 60, 64, 65, 66, 67, 71, 76, 79, 80, 83], "excluded_lines": [], "executed_branches": [[30, 32], [32, 34]], "missing_branches": [[30, 31], [32, 33], [51, 52], [51, 57], [58, 59], [58, 64], [65, 66], [65, 71]], "functions": {"get_summary": {"executed_lines": [29, 37, 38, 39, 43, 47, 54, 61, 68, 74, 77, 81], "summary": {"covered_lines": 12, "num_statements": 33, "percent_covered": 30.76923076923077, "percent_covered_display": "31", "missing_lines": 21, "excluded_lines": 0, "percent_statements_covered": 36.36363636363637, "percent_statements_covered_display": "36", "num_branches": 6, "num_partial_branches": 0, "covered_branches": 0, "missing_branches": 6, "percent_branches_covered": 0.0, "percent_branches_covered_display": "0"}, "missing_lines": [41, 42, 45, 46, 50, 51, 52, 53, 57, 58, 59, 60, 64, 65, 66, 67, 71, 76, 79, 80, 83], "excluded_lines": [], "start_line": 17, "executed_branches": [], "missing_branches": [[51, 52], [51, 57], [58, 59], [58, 64], [65, 66], [65, 71]]}, "get_summary.windowed": {"executed_lines": [30, 32, 34], "summary": {"covered_lines": 3, "num_statements": 5, "percent_covered": 55.55555555555556, "percent_covered_display": "56", "missing_lines": 2, "excluded_lines": 0, "percent_statements_covered": 60.0, "percent_statements_covered_display": "60", "num_branches": 4, "num_partial_branches": 2, "covered_branches": 2, "missing_branches": 2, "percent_branches_covered": 50.0, "percent_branches_covered_display": "50"}, "missing_lines": [31, 33], "excluded_lines": [], "start_line": 29, "executed_branches": [[30, 32], [32, 34]], "missing_branches": [[30, 31], [32, 33]]}, "": {"executed_lines": [9, 11, 12, 14, 17], "summary": {"covered_lines": 5, "num_statements": 5, "percent_covered": 100.0, "percent_covered_display": "100", "missing_lines": 0, "excluded_lines": 0, "percent_statements_covered": 100.0, "percent_statements_covered_display": "100", "num_branches": 0, "num_partial_branches": 0, "covered_branches": 0, "missing_branches": 0, "percent_branches_covered": 100.0, "percent_branches_covered_display": "100"}, "missing_lines": [], "excluded_lines": [], "start_line": 1, "executed_branches": [], "missing_branches": []}}, "classes": {"": {"executed_lines": [9, 11, 12, 14, 17, 29, 30, 32, 34, 37, 38, 39, 43, 47, 54, 61, 68, 74, 77, 81], "summary": {"covered_lines": 20, "num_statements": 43, "percent_covered": 41.509433962264154, "percent_covered_display": "42", "missing_lines": 23, "excluded_lines": 0, "percent_statements_covered": 46.51162790697674, "percent_statements_covered_display": "47", "num_branches": 10, "num_partial_branches": 2, "covered_branches": 2, "missing_branches": 8, "percent_branches_covered": 20.0, "percent_branches_covered_display": "20"}, "missing_lines": [31, 33, 41, 42, 45, 46, 50, 51, 52, 53, 57, 58, 59, 60, 64, 65, 66, 67, 71, 76, 79, 80, 83], "excluded_lines": [], "start_line": 1, "executed_branches": [[30, 32], [32, 34]], "missing_branches": [[30, 31], [32, 33], [51, 52], [51, 57], [58, 59], [58, 64], [65, 66], [65, 71]]}}}}, "totals": {"covered_lines": 1120, "num_statements": 1425, "percent_covered": 74.98518079430943, "percent_covered_display": "75", "missing_lines": 305, "excluded_lines": 0, "percent_statements_covered": 78.59649122807018, "percent_statements_covered_display": "79", "num_branches": 262, "num_partial_branches": 29, "covered_branches": 145, "missing_branches": 117, "percent_branches_covered": 55.343511450381676, "percent_branches_covered_display": "55"}}